###############################################################
#  Generated by:      Cadence Innovus 21.15-s110_1
#  OS:                Linux x86_64(Host ID vlsilab03.nitrr.ac.in)
#  Generated on:      Thu Apr 16 20:10:10 2026
#  Design:            fft_8_top
#  Command:           report_ccopt_clock_trees -summary -file /home/vlsilab/Music/FFT/FFT/8_fft_cts/fft_8_top_clock_trees.rpt
###############################################################

Clock DAG stats:
================

-----------------------------------------------------------
Cell type                 Count    Area         Capacitance
-----------------------------------------------------------
Buffers                    17        658.560       0.152
Inverters                   0          0.000       0.000
Integrated Clock Gates      0          0.000       0.000
Discrete Clock Gates        0          0.000       0.000
Clock Logic                 2      32500.000       3.718
All                        19      33158.560       3.870
-----------------------------------------------------------


Clock DAG sink counts:
======================

-------------------------
Sink type           Count
-------------------------
Regular             1631
Enable Latch           0
Load Capacitance       0
Antenna Diode          0
Node Sink              0
Total               1631
-------------------------


Clock DAG wire lengths:
=======================

--------------------
Type     Wire Length
--------------------
Top           0.000
Trunk      2834.980
Leaf      19151.640
Total     21986.620
--------------------


Clock DAG hp wire lengths:
==========================

-----------------------
Type     hp Wire Length
-----------------------
Top            0.000
Trunk       2358.680
Leaf        5660.275
Total       8018.955
-----------------------


Clock DAG capacitances:
=======================

---------------------------------
Type     Gate     Wire     Total
---------------------------------
Top      0.000    0.000     0.000
Trunk    3.870    0.363     4.234
Leaf     3.571    4.142     7.713
Total    7.441    4.505    11.947
---------------------------------


Clock DAG sink capacitances:
============================

-----------------------------------------------
Total    Average    Std. Dev.    Min      Max
-----------------------------------------------
3.571     0.002       0.000      0.002    0.002
-----------------------------------------------


Clock DAG net violations:
=========================

None


Clock DAG primary half-corner transition distribution:
======================================================

---------------------------------------------------------------------------------------------------------------------------------------------------------------
Net Type    Target    Count    Average    Std. Dev.    Min      Max      Distribution                                                               Over Target
---------------------------------------------------------------------------------------------------------------------------------------------------------------
Trunk       2.000       3       0.470       0.500      0.005    1.000    {3 <= 1.200ns, 0 <= 1.600ns, 0 <= 1.800ns, 0 <= 1.900ns, 0 <= 2.000ns}          -
Leaf        2.000      17       0.718       0.127      0.597    0.950    {17 <= 1.200ns, 0 <= 1.600ns, 0 <= 1.800ns, 0 <= 1.900ns, 0 <= 2.000ns}         -
---------------------------------------------------------------------------------------------------------------------------------------------------------------


Clock DAG library cell distribution:
====================================

---------------------------------------
Name      Type      Inst     Inst Area 
                    Count    (um^2)
---------------------------------------
bufbd7    buffer     13        570.752
bufbd4    buffer      4         87.808
pc3c01    logic       1      16250.000
pc3d01    logic       1      16250.000
---------------------------------------



Please note that the following tables reflect only the defined clock trees, so the flop counts might not include all flops in your design.

Clock Tree Summary:
===================

----------------------------------------------------------------------------------------------------------------------
Clock Tree  Clock  Bufs  Invs  Other  Max       Max     Max      Max          Standard   Wire   Gate   Clock Tree Root
Name        Gates              Clock  Non-leaf  Leaf    Length   Source-sink  cell area  cap    cap    
                               Cells  Fanout    Fanout  (um)     Resistance   (um^2)     (pF)   (pF)   
                                                                 (Ohms)                                
----------------------------------------------------------------------------------------------------------------------
fft_clk       0     17    0      2       17      100    1930.32    5974.38    33158.560  4.505  7.441  clk_pad
----------------------------------------------------------------------------------------------------------------------

1 clock trees contain a total of 1 nets marked dont_touch, which will not have been buffered, and may have Design Rule Violations as a consequence.
1 clock trees contain a total of 1 nets marked ideal_network, which will not have been buffered, and may have Design Rule Violations as a consequence.

Clock Sink Summary:
===================

-------------------------------------------------------------------------------------------------------------------------------------------
Clock Tree  Explicit      Implicit      Explicit     Implicit     Explicit   Implicit   Posedge  Negedge  Memory  Enable  Non enable  Other
Name        exclude pins  exclude pins  ignore pins  ignore pins  stop pins  stop pins  Flops    Flops    Clock   Latch   Latch       Sinks
                                                                                                          Pins    Sinks   Sinks       
-------------------------------------------------------------------------------------------------------------------------------------------
fft_clk          0             0             0            0           0          0       1631       0       0       0         0         0
-------------------------------------------------------------------------------------------------------------------------------------------

Summary across all clock trees:
===============================

-------------------------------------------------------------------------------------------------------------
Clock  Bufs  Invs  Other  Max       Average   Max     Average  Max       Max          Standard   Wire   Gate
Gates              Clock  Non-leaf  Non-leaf  Leaf    Leaf     Length    Source-sink  cell area  cap    cap
                   Cells  Fanout    Fanout    Fanout  Fanout   (um)      Resistance   (um^2)     (pF)   (pF)
                                                                         (Ohms)                         
-------------------------------------------------------------------------------------------------------------
  0     17    0      2       17     6.33333    100    95.9412  1930.320    597.438    33158.560  4.505  7.441
-------------------------------------------------------------------------------------------------------------

Clock Sink Summary across all clock trees:
==========================================

-------------------------------------------------------------------------------------------------------------------------------
Explicit      Implicit      Explicit     Implicit     Explicit   Implicit   Posedge  Negedge  Memory  Enable  Non enable  Other
exclude pins  exclude pins  ignore pins  ignore pins  stop pins  stop pins  Flops    Flops    Clock   Latch   Latch       Sinks
                                                                                              Pins    Sinks   Sinks       
-------------------------------------------------------------------------------------------------------------------------------
     0             0             0            0           0          0       1631       0       0       0         0         0
-------------------------------------------------------------------------------------------------------------------------------

Physical metrics across all clock trees:
========================================

------------------------------------------------------------------------
Metric                               Minimum  Average  Maximum   Std.dev
------------------------------------------------------------------------
Source-sink routed net length (um)    0.000   334.224  1930.320  381.365
Source-sink manhattan distance (um)   0.000   328.251  1941.885  384.594
Source-sink resistance (Ohm)          0.002   125.355   597.438  115.081
------------------------------------------------------------------------

Transition distribution for all half-corners:
=============================================

---------------------------------------------------------------------------------------------------------------------------------------------------------------
Net Type    Target    Count    Average    Std. Dev.    Min      Max      Distribution                                                               Over Target
---------------------------------------------------------------------------------------------------------------------------------------------------------------
Trunk       2.000       3       0.470       0.500      0.005    1.000    {3 <= 1.200ns, 0 <= 1.600ns, 0 <= 1.800ns, 0 <= 1.900ns, 0 <= 2.000ns}          -
Leaf        2.000      17       0.718       0.127      0.597    0.950    {17 <= 1.200ns, 0 <= 1.600ns, 0 <= 1.800ns, 0 <= 1.900ns, 0 <= 2.000ns}         -
---------------------------------------------------------------------------------------------------------------------------------------------------------------

Count of violations across all clock trees:
===========================================

---------------------------------------------------------------------------------------
Clock Tree  # Max capacitance  # Max resistance  # Max length  # Max fanout  # Slew
Name        violations         violations        violations    violations    violations
---------------------------------------------------------------------------------------
fft_clk             1                 0               0             0            0
---------------------------------------------------------------------------------------
Total               1                 0               0             0            0
---------------------------------------------------------------------------------------

Note the above table per clock tree is based on CCOpt clock tree view. The violations are counted across half corners.

Found a total of 1 clock tree pin with max capacitance violations.
Found a total of 1 max capacitance violation.
Total violation amount 2.738pF.

Max capacitance violation summary across all clock trees - Top 1 violation:
===========================================================================

Target and measured capacitances (in pF):

---------------------------------------------------------------------------------------------
Half corner           Violation  Capacitance  Capacitance  Target                     Pin
                      amount     target       achieved     source                     
---------------------------------------------------------------------------------------------
max_delay:setup.late    2.738       0.800        3.538     library_or_sdc_constraint  clk_pad
---------------------------------------------------------------------------------------------

Target sources:
target_max_capacitance_property - the target was set in the target_max_capacitance property
library_or_sdc_constraint - the non-frequency-dependent target was set in a library file or by an SDC constraint
frequency_dependent_library_or_sdc_constraint - the frequency-dependent target was set in a library file or by an SDC constraint
computed_from_slew_target - the target was calculated based on the slew target at a clock root
clock_root_forced - the target was forced to be zero at a clock root


Found a total of 0 clock tree nets with max resistance violations.
Found a total of 0 clock tree nets with max length violations.
Found a total of 0 clock tree nets with max fanout violations.
Found a total of 0 clock tree pins with a slew violation.

Clock Timing Summary:
=====================

Target and measured clock slews (in ns):

--------------------------------------------------------------------------------------------------------------------------------------------
Clock tree  Timing Corner          Worst Rising  Worst Falling  Worst Rising  Worst Falling  Leaf Slew    Leaf Slew  Trunk Slew   Trunk Slew
                                   Leaf Slew     Leaf Slew      Trunk Slew    Trunk Slew     Target Type  Target     Target Type  Target
--------------------------------------------------------------------------------------------------------------------------------------------
fft_clk     max_delay:setup.early     0.452          0.421         0.343          0.338      ignored          -      ignored          -
fft_clk     max_delay:setup.late      0.950          0.867         0.592          0.999      explicit      2.000     explicit      2.000
fft_clk     min_delay:hold.early      0.452          0.421         0.343          0.338      ignored          -      ignored          -
fft_clk     min_delay:hold.late       0.950          0.867         0.592          0.999      explicit      2.000     explicit      2.000
--------------------------------------------------------------------------------------------------------------------------------------------

* - indicates that target was not met.

auto extracted - target was extracted from SDC.
auto computed - target was computed when balancing trees.

Total Transition Slacks Summary:
================================

-------------------------------------------------------------------------------------------------
Total       Total Leaf    Total        Total Leaf    Mean        Median      Std.Dev     Worst
Overslew    Overslew      Underslew    Underslew     Overslew    Overslew    Overslew    Overslew
-------------------------------------------------------------------------------------------------
 0.000        0.000        -26.386      -21.797       0.000       0.000       0.000       0.000
-------------------------------------------------------------------------------------------------

Transition times measured in the half-corner max_delay:setup.late

Top Underslews:

----------------------------------------------
Driving node                    Underslew (ns)
----------------------------------------------
fft_clk                             -1.995
pc3c01_1                            -1.594
fifo_out/CTS_ccl_a_buf_00074        -1.403
CTS_ccl_a_buf_00066                 -1.377
fifo_out/CTS_ccl_a_buf_00075        -1.375
fifo_out/CTS_ccl_a_buf_00072        -1.374
CTS_ccl_a_buf_00071                 -1.369
CTS_ccl_a_buf_00070                 -1.364
fifo_out/CTS_ccl_a_buf_00073        -1.360
CTS_ccl_a_buf_00063                 -1.358
----------------------------------------------

