###############################################################
#  Generated by:      Cadence Innovus 21.15-s110_1
#  OS:                Linux x86_64(Host ID vlsilab03.nitrr.ac.in)
#  Generated on:      Thu Apr 16 20:10:10 2026
#  Design:            fft_8_top
#  Command:           report_ccopt_skew_groups -summary -file /home/vlsilab/Music/FFT/FFT/8_fft_cts/fft_8_top_skew_group.rpt
###############################################################

Skew Group Structure:
=====================

------------------------------------------------------------------
Skew Group     Sources    Constrained Sinks    Unconstrained Sinks
------------------------------------------------------------------
fft_clk/all       1             1631                    0
------------------------------------------------------------------

Skew Group Summary:
===================

-------------------------------------------------------------------------------------------------------------------------------------------------------------------
Timing Corner            Skew Group     ID Target    Min ID    Max ID    Avg ID    Std.Dev. ID    Skew Target Type    Skew Target    Skew     Skew window occupancy
-------------------------------------------------------------------------------------------------------------------------------------------------------------------
max_delay:setup.early    fft_clk/all        -        0.746     0.871     0.824        0.028       ignored                  -         0.126              -
max_delay:setup.late     fft_clk/all    none         3.094     3.269     3.167        0.051       auto computed        0.491         0.175    100% {3.094, 3.269}
min_delay:hold.early     fft_clk/all        -        0.746     0.871     0.824        0.028       ignored                  -         0.126              -
min_delay:hold.late      fft_clk/all        -        1.844     2.019     1.917        0.051       explicit             0.500         0.175    100% {1.844, 2.019}
-------------------------------------------------------------------------------------------------------------------------------------------------------------------

* - indicates that target was not met.

Skew Group Min/Max path pins:
=============================

----------------------------------------------------------------------------
Timing Corner            Skew Group     Min ID    PathID    Max ID    PathID
----------------------------------------------------------------------------
max_delay:setup.early    fft_clk/all    0.746       -       0.871       -
-    min fft_in_real_2_reg[7][0]/CP
-    max fifo_in/mem_reg[27][4]/CP
max_delay:setup.late     fft_clk/all    3.094       -       3.269       -
-    min fft_in_real_2_reg[7][0]/CP
-    max fifo_in/mem_reg[27][4]/CP
min_delay:hold.early     fft_clk/all    0.746       -       0.871       -
-    min fft_in_real_2_reg[7][0]/CP
-    max fifo_in/mem_reg[27][4]/CP
min_delay:hold.late      fft_clk/all    1.844       -       2.019       -
-    min fft_in_real_2_reg[7][0]/CP
-    max fifo_in/mem_reg[27][4]/CP
----------------------------------------------------------------------------

