
Cadence Innovus(TM) Implementation System.
Copyright 2021 Cadence Design Systems, Inc. All rights reserved worldwide.

Version:	v21.15-s110_1, built Fri Sep 23 13:08:12 PDT 2022
Options:	
Date:		Thu Apr 16 17:30:53 2026
Host:		vlsilab03.nitrr.ac.in (x86_64 w/Linux 4.18.0-425.3.1.el8.x86_64) (4cores*4cpus*Intel(R) Xeon(R) CPU E5-1607 v3 @ 3.10GHz 10240KB)
OS:		Red Hat Enterprise Linux release 8.7 (Ootpa)

License:
		[17:30:53.275865] Configured Lic search path (21.01-s002): 5280@14.139.1.126

		invs	Innovus Implementation System	21.1	checkout succeeded
		8 CPU jobs allowed with the current license(s). Use setMultiCpuUsage to set your required CPU count.
Change the soft stacksize limit to 0.2%RAM (55 mbytes). Set global soft_stack_size_limit to change the value.

**INFO:  MMMC transition support version v31-84 

<CMD> set_global _enable_mmmc_by_default_flow      $CTE::mmmc_default
<CMD> suppressMessage ENCEXT-2799
<CMD> getVersion
[INFO] Loading PVS 22.20 fill procedures
<CMD> win
<CMD> save_global Default_2.globals
<CMD> set init_gnd_net {VSS_CORE VSSO_CORE}
<CMD> set init_lef_file {/opt/sclpdkv3/scl180/stdcell/fs120/6M1L/lef/scl18fs120_tech.lef /opt/sclpdkv3/scl180/stdcell/fs120/6M1L/lef/scl18fs120_std.lef /opt/sclpdkv3/scl180/iopad/cio150/6M1L/lef/tsl18cio150_6lm.lef}
<CMD> set init_verilog fft_8_top_incremental.v
<CMD> set init_mmmc_file fft.view
<CMD> set init_io_file fft.io
<CMD> set init_pwr_net {VDD_CORE VDDO_CORE}
<CMD> init_design
#% Begin Load MMMC data ... (date=04/16 17:34:24, mem=1020.7M)
#% End Load MMMC data ... (date=04/16 17:34:24, total cpu=0:00:00.0, real=0:00:00.0, peak res=1021.4M, current mem=1021.4M)
rc_best rc_worst

Loading LEF file /opt/sclpdkv3/scl180/stdcell/fs120/6M1L/lef/scl18fs120_tech.lef ...

Loading LEF file /opt/sclpdkv3/scl180/stdcell/fs120/6M1L/lef/scl18fs120_std.lef ...
Set DBUPerIGU to M2 pitch 560.

Loading LEF file /opt/sclpdkv3/scl180/iopad/cio150/6M1L/lef/tsl18cio150_6lm.lef ...
**WARN: (IMPLF-200):	Pin 'PAD' in macro 'apc3d01' has no ANTENNAGATEAREA value defined. The library data is incomplete and some process antenna rules will not be checked correctly.
Type 'man IMPLF-200' for more detail.
**WARN: (IMPLF-200):	Pin 'PAD' in macro 'pc3b01' has no ANTENNAGATEAREA value defined. The library data is incomplete and some process antenna rules will not be checked correctly.
Type 'man IMPLF-200' for more detail.
**WARN: (IMPLF-200):	Pin 'PAD' in macro 'pc3b01d' has no ANTENNAGATEAREA value defined. The library data is incomplete and some process antenna rules will not be checked correctly.
Type 'man IMPLF-200' for more detail.
**WARN: (IMPLF-200):	Pin 'PAD' in macro 'pc3b01u' has no ANTENNAGATEAREA value defined. The library data is incomplete and some process antenna rules will not be checked correctly.
Type 'man IMPLF-200' for more detail.
**WARN: (IMPLF-200):	Pin 'PAD' in macro 'pc3b02' has no ANTENNAGATEAREA value defined. The library data is incomplete and some process antenna rules will not be checked correctly.
Type 'man IMPLF-200' for more detail.
**WARN: (IMPLF-200):	Pin 'PAD' in macro 'pc3b02d' has no ANTENNAGATEAREA value defined. The library data is incomplete and some process antenna rules will not be checked correctly.
Type 'man IMPLF-200' for more detail.
**WARN: (IMPLF-200):	Pin 'PAD' in macro 'pc3b02u' has no ANTENNAGATEAREA value defined. The library data is incomplete and some process antenna rules will not be checked correctly.
Type 'man IMPLF-200' for more detail.
**WARN: (IMPLF-200):	Pin 'PAD' in macro 'pc3b03' has no ANTENNAGATEAREA value defined. The library data is incomplete and some process antenna rules will not be checked correctly.
Type 'man IMPLF-200' for more detail.
**WARN: (IMPLF-200):	Pin 'PAD' in macro 'pc3b03d' has no ANTENNAGATEAREA value defined. The library data is incomplete and some process antenna rules will not be checked correctly.
Type 'man IMPLF-200' for more detail.
**WARN: (IMPLF-200):	Pin 'PAD' in macro 'pc3b03ed' has no ANTENNAGATEAREA value defined. The library data is incomplete and some process antenna rules will not be checked correctly.
Type 'man IMPLF-200' for more detail.
**WARN: (IMPLF-200):	Pin 'PAD' in macro 'pc3b03u' has no ANTENNAGATEAREA value defined. The library data is incomplete and some process antenna rules will not be checked correctly.
Type 'man IMPLF-200' for more detail.
**WARN: (IMPLF-200):	Pin 'PAD' in macro 'pc3b04' has no ANTENNAGATEAREA value defined. The library data is incomplete and some process antenna rules will not be checked correctly.
Type 'man IMPLF-200' for more detail.
**WARN: (IMPLF-200):	Pin 'PAD' in macro 'pc3b04d' has no ANTENNAGATEAREA value defined. The library data is incomplete and some process antenna rules will not be checked correctly.
Type 'man IMPLF-200' for more detail.
**WARN: (IMPLF-200):	Pin 'PAD' in macro 'pc3b04u' has no ANTENNAGATEAREA value defined. The library data is incomplete and some process antenna rules will not be checked correctly.
Type 'man IMPLF-200' for more detail.
**WARN: (IMPLF-200):	Pin 'PAD' in macro 'pc3b05' has no ANTENNAGATEAREA value defined. The library data is incomplete and some process antenna rules will not be checked correctly.
Type 'man IMPLF-200' for more detail.
**WARN: (IMPLF-200):	Pin 'PAD' in macro 'pc3b05d' has no ANTENNAGATEAREA value defined. The library data is incomplete and some process antenna rules will not be checked correctly.
Type 'man IMPLF-200' for more detail.
**WARN: (IMPLF-200):	Pin 'PAD' in macro 'pc3b05u' has no ANTENNAGATEAREA value defined. The library data is incomplete and some process antenna rules will not be checked correctly.
Type 'man IMPLF-200' for more detail.
**WARN: (IMPLF-200):	Pin 'PAD' in macro 'pc3b21eu' has no ANTENNAGATEAREA value defined. The library data is incomplete and some process antenna rules will not be checked correctly.
Type 'man IMPLF-200' for more detail.
**WARN: (IMPLF-200):	Pin 'PAD' in macro 'pc3b25eu' has no ANTENNAGATEAREA value defined. The library data is incomplete and some process antenna rules will not be checked correctly.
Type 'man IMPLF-200' for more detail.
**WARN: (IMPLF-200):	Pin 'PAD' in macro 'pc3d00' has no ANTENNAGATEAREA value defined. The library data is incomplete and some process antenna rules will not be checked correctly.
Type 'man IMPLF-200' for more detail.
**WARN: (EMS-27):	Message (IMPLF-200) has exceeded the current message display limit of 20.
To increase the message display limit, refer to the product command reference manual.

##  Check design process and node:  
##  Both design process and tech node are not set.

Loading view definition file from fft.view
Reading max_timing timing library '/opt/sclpdkv3/scl180/stdcell/fs120/6M1L/liberty/lib_flow_ss/tsl18fs120_scl_ss.lib' ...
Both ff/latch and statetable are present in cell 'lanht4'. Only ff/latch will be used to model sequential cell behavior and statetable will be ignored (File /opt/sclpdkv3/scl180/stdcell/fs120/6M1L/liberty/lib_flow_ss/tsl18fs120_scl_ss.lib, Line 104953)
Both ff/latch and statetable are present in cell 'lanht2'. Only ff/latch will be used to model sequential cell behavior and statetable will be ignored (File /opt/sclpdkv3/scl180/stdcell/fs120/6M1L/liberty/lib_flow_ss/tsl18fs120_scl_ss.lib, Line 157476)
Both ff/latch and statetable are present in cell 'lanht1'. Only ff/latch will be used to model sequential cell behavior and statetable will be ignored (File /opt/sclpdkv3/scl180/stdcell/fs120/6M1L/liberty/lib_flow_ss/tsl18fs120_scl_ss.lib, Line 288762)
Read 534 cells in library 'tsl18fs120_scl_ss' 
Reading max_timing timing library '/opt/sclpdkv3/scl180/iopad/cio150/6M1L/liberty/tsl18cio150_max.lib' ...
Read 93 cells in library 'tsl18cio150_max' 
Reading min_timing timing library '/opt/sclpdkv3/scl180/stdcell/fs120/6M1L/liberty/lib_flow_ff/tsl18fs120_scl_ff.lib' ...
Both ff/latch and statetable are present in cell 'lanht4'. Only ff/latch will be used to model sequential cell behavior and statetable will be ignored (File /opt/sclpdkv3/scl180/stdcell/fs120/6M1L/liberty/lib_flow_ff/tsl18fs120_scl_ff.lib, Line 104965)
Both ff/latch and statetable are present in cell 'lanht2'. Only ff/latch will be used to model sequential cell behavior and statetable will be ignored (File /opt/sclpdkv3/scl180/stdcell/fs120/6M1L/liberty/lib_flow_ff/tsl18fs120_scl_ff.lib, Line 157496)
Both ff/latch and statetable are present in cell 'lanht1'. Only ff/latch will be used to model sequential cell behavior and statetable will be ignored (File /opt/sclpdkv3/scl180/stdcell/fs120/6M1L/liberty/lib_flow_ff/tsl18fs120_scl_ff.lib, Line 288805)
Read 534 cells in library 'tsl18fs120_scl_ff' 
Reading min_timing timing library '/opt/sclpdkv3/scl180/iopad/cio150/6M1L/liberty/tsl18cio150_min.lib' ...
Read 93 cells in library 'tsl18cio150_min' 
Starting consistency checks on late and early library sets of delay corner 'max_delay'
late library set: max_timing
early library set: min_timing
Completed consistency checks. Status: Successful
**WARN: (TECHLIB-604):	Operating condition library 'tsl18fs120_scl_ff' not found in library set 'max_timing'. Operating condition library must be part of library set. Check the library provided is internal library name and not the file name. Ignoring operating condition 'op_cond_worst'.
Starting consistency checks on late and early library sets of delay corner 'min_delay'
late library set: max_timing
early library set: min_timing
Completed consistency checks. Status: Successful
**WARN: (TECHLIB-604):	Operating condition library 'tsl18fs120_scl_ff' not found in library set 'max_timing'. Operating condition library must be part of library set. Check the library provided is internal library name and not the file name. Ignoring operating condition 'op_cond_worst'.
*** End library_loading (cpu=0.02min, real=0.02min, mem=35.9M, fe_cpu=1.10min, fe_real=3.55min, fe_mem=1119.4M) ***
#% Begin Load netlist data ... (date=04/16 17:34:26, mem=1047.3M)
*** Begin netlist parsing (mem=1119.4M) ***
**WARN: (IMPVL-159):	Pin 'VDD' of cell 'aoim22d1' is defined in LEF but not in the timing library.
Type 'man IMPVL-159' for more detail.
**WARN: (IMPVL-159):	Pin 'VSS' of cell 'aoim22d1' is defined in LEF but not in the timing library.
Type 'man IMPVL-159' for more detail.
**WARN: (IMPVL-159):	Pin 'VDD' of cell 'or04d2' is defined in LEF but not in the timing library.
Type 'man IMPVL-159' for more detail.
**WARN: (IMPVL-159):	Pin 'VSS' of cell 'or04d2' is defined in LEF but not in the timing library.
Type 'man IMPVL-159' for more detail.
**WARN: (IMPVL-159):	Pin 'VDD' of cell 'an02d1' is defined in LEF but not in the timing library.
Type 'man IMPVL-159' for more detail.
**WARN: (IMPVL-159):	Pin 'VSS' of cell 'an02d1' is defined in LEF but not in the timing library.
Type 'man IMPVL-159' for more detail.
**WARN: (IMPVL-159):	Pin 'VDD' of cell 'nd02da' is defined in LEF but not in the timing library.
Type 'man IMPVL-159' for more detail.
**WARN: (IMPVL-159):	Pin 'VSS' of cell 'nd02da' is defined in LEF but not in the timing library.
Type 'man IMPVL-159' for more detail.
**WARN: (IMPVL-159):	Pin 'VDD' of cell 'dl03d2' is defined in LEF but not in the timing library.
Type 'man IMPVL-159' for more detail.
**WARN: (IMPVL-159):	Pin 'VSS' of cell 'dl03d2' is defined in LEF but not in the timing library.
Type 'man IMPVL-159' for more detail.
**WARN: (IMPVL-159):	Pin 'VDD' of cell 'invtd7' is defined in LEF but not in the timing library.
Type 'man IMPVL-159' for more detail.
**WARN: (IMPVL-159):	Pin 'VSS' of cell 'invtd7' is defined in LEF but not in the timing library.
Type 'man IMPVL-159' for more detail.
**WARN: (IMPVL-159):	Pin 'VDD' of cell 'slnht2' is defined in LEF but not in the timing library.
Type 'man IMPVL-159' for more detail.
**WARN: (IMPVL-159):	Pin 'VSS' of cell 'slnht2' is defined in LEF but not in the timing library.
Type 'man IMPVL-159' for more detail.
**WARN: (IMPVL-159):	Pin 'VDD' of cell 'aoim22d2' is defined in LEF but not in the timing library.
Type 'man IMPVL-159' for more detail.
**WARN: (IMPVL-159):	Pin 'VSS' of cell 'aoim22d2' is defined in LEF but not in the timing library.
Type 'man IMPVL-159' for more detail.
**WARN: (IMPVL-159):	Pin 'VDD' of cell 'mffnrb2' is defined in LEF but not in the timing library.
Type 'man IMPVL-159' for more detail.
**WARN: (IMPVL-159):	Pin 'VSS' of cell 'mffnrb2' is defined in LEF but not in the timing library.
Type 'man IMPVL-159' for more detail.
**WARN: (IMPVL-159):	Pin 'VDD' of cell 'nr03d7' is defined in LEF but not in the timing library.
Type 'man IMPVL-159' for more detail.
**WARN: (IMPVL-159):	Pin 'VSS' of cell 'nr03d7' is defined in LEF but not in the timing library.
Type 'man IMPVL-159' for more detail.
**WARN: (EMS-27):	Message (IMPVL-159) has exceeded the current message display limit of 20.
To increase the message display limit, refer to the product command reference manual.
Pin 'VDD' of cell 'pvdi' is declared as power/ground in LEF but as signal in timing library.  Treat it as power/ground.
Pin 'VDDC' of cell 'pvdc' is declared as power/ground in LEF but as signal in timing library.  Treat it as power/ground.
Pin 'VDDO' of cell 'pvda' is declared as power/ground in LEF but as signal in timing library.  Treat it as power/ground.
Pin 'VSS' of cell 'pv0i' is declared as power/ground in LEF but as signal in timing library.  Treat it as power/ground.
Pin 'VSS' of cell 'pv0f' is declared as power/ground in LEF but as signal in timing library.  Treat it as power/ground.
Pin 'VSSC' of cell 'pv0c' is declared as power/ground in LEF but as signal in timing library.  Treat it as power/ground.
Pin 'VSSO' of cell 'pv0a' is declared as power/ground in LEF but as signal in timing library.  Treat it as power/ground.
Pin 'AVDD' of cell 'apvdi' is declared as power/ground in LEF but as signal in timing library.  Treat it as power/ground.
Pin 'AVDDO' of cell 'apvda' is declared as power/ground in LEF but as signal in timing library.  Treat it as power/ground.
Pin 'AVSS' of cell 'apv0i' is declared as power/ground in LEF but as signal in timing library.  Treat it as power/ground.
Pin 'AVSSO' of cell 'apv0a' is declared as power/ground in LEF but as signal in timing library.  Treat it as power/ground.
Created 627 new cells from 4 timing libraries.
Reading netlist ...
Backslashed names will retain backslash and a trailing blank character.
Reading verilog netlist 'fft_8_top_incremental.v'

*** Memory Usage v#1 (Current mem = 1119.355M, initial mem = 483.883M) ***
*** End netlist parsing (cpu=0:00:00.1, real=0:00:00.0, mem=1119.4M) ***
#% End Load netlist data ... (date=04/16 17:34:26, total cpu=0:00:00.1, real=0:00:00.0, peak res=1068.9M, current mem=1068.9M)
Top level cell is fft_8_top.
Starting consistency checks on late and early library sets of delay corner 'max_delay'
late library set: max_timing
early library set: min_timing
Completed consistency checks. Status: Successful
Starting consistency checks on late and early library sets of delay corner 'min_delay'
late library set: max_timing
early library set: min_timing
Completed consistency checks. Status: Successful
Hooked 1254 DB cells to tlib cells.
Starting recursive module instantiation check.
No recursion found.
Building hierarchical netlist for Cell fft_8_top ...
*** Netlist is unique.
** info: there are 1289 modules.
** info: there are 9179 stdCell insts.
** info: there are 57 Pad insts.

*** Memory Usage v#1 (Current mem = 1182.270M, initial mem = 483.883M) ***
Reading IO assignment file "fft.io" ...
Adjusting Core to Left to: 0.3200. Core to Bottom to: 0.3200.
**WARN: (IMPFP-3961):	The techSite 'CO_MSTR_c' has no related standard cells in the LEF/OA library. The calculations for this site type cannot be made unless standard cell models of this type exist in the LEF/OA library. Ignore this warning if the SITE is not used by the library. Alternatively, remove the SITE definition for the LEF/OA library to avoid this message.
Type 'man IMPFP-3961' for more detail.
**WARN: (IMPFP-3961):	The techSite 'IOSite_c' has no related standard cells in the LEF/OA library. The calculations for this site type cannot be made unless standard cell models of this type exist in the LEF/OA library. Ignore this warning if the SITE is not used by the library. Alternatively, remove the SITE definition for the LEF/OA library to avoid this message.
Type 'man IMPFP-3961' for more detail.
Start create_tracks
Generated pitch 0.56 in M5 is different from 0.66 defined in technology file in preferred direction.
Pre-connect netlist-defined P/G connections...
  Updated 20 instances.
Extraction setup Started 
Initializing multi-corner RC extraction with 2 active RC Corners ...
Reading Capacitance Table File fft.CapTbl ...
Process name: tsl18_scl_6M1L_typ.
Reading Capacitance Table File fft.CapTbl ...
Process name: tsl18_scl_6M1L_typ.
Importing multi-corner RC tables ... 
Summary of Active RC-Corners : 
 
 Analysis View: worst_case
    RC-Corner Name        : rc_worst
    RC-Corner Index       : 0
    RC-Corner Temperature : 125 Celsius
    RC-Corner Cap Table   : 'fft.CapTbl'
    RC-Corner PreRoute Res Factor         : 1
    RC-Corner PreRoute Cap Factor         : 1
    RC-Corner PostRoute Res Factor        : 1 {1 1 1}
    RC-Corner PostRoute Cap Factor        : 1 {1 1 1}
    RC-Corner PostRoute XCap Factor       : 1 {1 1 1}
    RC-Corner PreRoute Clock Res Factor   : 1	[Derived from postRoute_res (effortLevel low)]
    RC-Corner PreRoute Clock Cap Factor   : 1	[Derived from postRoute_cap (effortLevel low)]
    RC-Corner PostRoute Clock Cap Factor  : 1 {1 1 1} 	[Derived from postRoute_cap (effortLevel low)]
    RC-Corner PostRoute Clock Res Factor  : 1 {1 1 1} 	[Derived from postRoute_res (effortLevel low)]
    RC-Corner PostRoute Clock coupling capacitance Factor : 1 {1 1 1} 
 
 Analysis View: best_case
    RC-Corner Name        : rc_best
    RC-Corner Index       : 1
    RC-Corner Temperature : -40 Celsius
    RC-Corner Cap Table   : 'fft.CapTbl'
    RC-Corner PreRoute Res Factor         : 1
    RC-Corner PreRoute Cap Factor         : 1
    RC-Corner PostRoute Res Factor        : 1 {1 1 1}
    RC-Corner PostRoute Cap Factor        : 1 {1 1 1}
    RC-Corner PostRoute XCap Factor       : 1 {1 1 1}
    RC-Corner PreRoute Clock Res Factor   : 1	[Derived from postRoute_res (effortLevel low)]
    RC-Corner PreRoute Clock Cap Factor   : 1	[Derived from postRoute_cap (effortLevel low)]
    RC-Corner PostRoute Clock Cap Factor  : 1 {1 1 1} 	[Derived from postRoute_cap (effortLevel low)]
    RC-Corner PostRoute Clock Res Factor  : 1 {1 1 1} 	[Derived from postRoute_res (effortLevel low)]
    RC-Corner PostRoute Clock coupling capacitance Factor : 1 {1 1 1} 
Updating RC grid for preRoute extraction ...
Initializing multi-corner capacitance tables ... 
Initializing multi-corner resistance tables ...
*Info: initialize multi-corner CTS.
**WARN: (TECHLIB-604):	Operating condition library 'tsl18fs120_scl_ff' not found in library set 'max_timing'. Operating condition library must be part of library set. Check the library provided is internal library name and not the file name. Ignoring operating condition 'op_cond_worst'.
**WARN: (TECHLIB-604):	Operating condition library 'tsl18fs120_scl_ff' not found in library set 'max_timing'. Operating condition library must be part of library set. Check the library provided is internal library name and not the file name. Ignoring operating condition 'op_cond_worst'.
Reading timing constraints file 'fft_8_top_incremental.sdc' ...
Current (total cpu=0:01:07, real=0:03:34, peak res=1368.4M, current mem=1368.4M)
**WARN: (TCLCMD-1461):	Skipped unsupported command: set_units (File fft_8_top_incremental.sdc, Line 9).

**WARN: (TCLCMD-1461):	Skipped unsupported command: set_units (File fft_8_top_incremental.sdc, Line 10).

fft_8_top
**WARN: (TCLCMD-1142):	Virtual clock 'vir_clk_i' is being created with no source objects. (File fft_8_top_incremental.sdc, Line 16).

Number of path exceptions in the constraint file = 3
INFO (CTE): Reading of timing constraints file fft_8_top_incremental.sdc completed, with 3 WARNING
Ending "Constraint file reading stats" (total cpu=0:00:00.2, real=0:00:00.0, peak res=1494.3M, current mem=1494.3M)
Current (total cpu=0:01:07, real=0:03:34, peak res=1494.3M, current mem=1494.3M)
**WARN: (TA-976):	Path groups asserted by the group_path constraint are considered by the software to be global in nature - they cannot be restricted to specific constraint modes. Due to this restriction, the group_path constraint is not supported directly in the constraint files which are configured in mode-specific commands such as create_constraint_mode. The current group_path entry will be ignored. You can enter the group_path constraint interactively or as part of a general command script -  where it will be interpreted as global and will be in effect for all modes.
Total number of combinational cells: 321
Total number of sequential cells: 203
Total number of tristate cells: 10
Total number of level shifter cells: 0
Total number of power gating cells: 0
Total number of isolation cells: 0
Total number of power switch cells: 0
Total number of pulse generator cells: 0
Total number of always on buffers: 0
Total number of retention cells: 0
List of usable buffers: bufbd7 buffd2 bufbdf buffda buffd3 bufbda buffd4 bufbd4 bufbd1 bufbd3 buffd7 buffd1 bufbd2
Total number of usable buffers: 13
List of unusable buffers:
Total number of unusable buffers: 0
List of usable inverters: inv0d2 inv0da invbda invbdk inv0d1 inv0d7 invbd4 inv0d0 invbd2 inv0d4 invbd7 invbdf
Total number of usable inverters: 12
List of unusable inverters:
Total number of unusable inverters: 0
List of identified usable delay cells: dl04d1 dl03d1 dl02d2 dl03d4 dl04d2 dl02d1 dl01d4 bufbdk dl04d4 dl02d4 dl01d2 dl01d1 dl03d2
Total number of identified usable delay cells: 13
List of identified unusable delay cells:
Total number of identified unusable delay cells: 0

*** Summary of all messages that are not suppressed in this session:
Severity  ID               Count  Summary                                  
WARNING   IMPLF-200           49  Pin '%s' in macro '%s' has no ANTENNAGAT...
WARNING   IMPFP-3961           2  The techSite '%s' has no related standar...
WARNING   IMPVL-159         1436  Pin '%s' of cell '%s' is defined in LEF ...
WARNING   TA-976               1  Path groups asserted by the group_path c...
WARNING   TCLCMD-1142          1  Virtual clock '%s' is being created with...
WARNING   TCLCMD-1461          2  Skipped unsupported command: %s          
WARNING   TECHLIB-604          4  Operating condition library '%s' not fou...
*** Message Summary: 1495 warning(s), 0 error(s)

<CMD> fit
<CMD> zoomBox 478.44000 402.94700 2362.47100 1493.94000
<CMD> zoomBox 1173.75700 662.33700 2157.23400 1231.84300
<CMD> zoomBox 1384.47400 740.94400 2095.03700 1152.41300
<CMD> zoomBox 1452.79500 772.79700 2056.77400 1122.54600
<CMD> getIoFlowFlag
<CMD> setIoFlowFlag 0
<CMD> floorPlan -site CoreSite -d 1940 1940 125 125 125 125
**WARN: (IMPFP-4026):	Adjusting core to 'Left' to 124.880000 due to track/row misalignment. To force the value, specify the -noSnapToGrid option or use fpiSetSnapRule command to specify the die/core to different grid.
**WARN: (IMPFP-4026):	Adjusting core to 'Bottom' to 124.880000 due to track/row misalignment. To force the value, specify the -noSnapToGrid option or use fpiSetSnapRule command to specify the die/core to different grid.
**WARN: (IMPFP-4026):	Adjusting core to 'Right' to 124.880000 due to track/row misalignment. To force the value, specify the -noSnapToGrid option or use fpiSetSnapRule command to specify the die/core to different grid.
**WARN: (IMPFP-4026):	Adjusting core to 'Top' to 124.880000 due to track/row misalignment. To force the value, specify the -noSnapToGrid option or use fpiSetSnapRule command to specify the die/core to different grid.
**WARN: (IMPFP-3961):	The techSite 'CO_MSTR_c' has no related standard cells in the LEF/OA library. The calculations for this site type cannot be made unless standard cell models of this type exist in the LEF/OA library. Ignore this warning if the SITE is not used by the library. Alternatively, remove the SITE definition for the LEF/OA library to avoid this message.
Type 'man IMPFP-3961' for more detail.
**WARN: (IMPFP-3961):	The techSite 'IOSite_c' has no related standard cells in the LEF/OA library. The calculations for this site type cannot be made unless standard cell models of this type exist in the LEF/OA library. Ignore this warning if the SITE is not used by the library. Alternatively, remove the SITE definition for the LEF/OA library to avoid this message.
Type 'man IMPFP-3961' for more detail.
Start create_tracks
Generated pitch 0.56 in M5 is different from 0.66 defined in technology file in preferred direction.
**WARN: (IMPFP-325):	Floorplan of the design is resized. All current floorplan objects are automatically derived based on specified new floorplan. This may change blocks, fixed standard cells, existing routes and blockages.
<CMD> uiSetTool select
<CMD> getIoFlowFlag
<CMD> fit
<CMD> zoomBox 327.92800 253.56700 2590.91300 1564.00300
<CMD> zoomBox 613.69200 336.84700 2537.23000 1450.71800
<CMD> zoomBox 856.59200 407.63400 2491.60000 1354.42500
<CMD> zoomBox 1087.67600 545.95800 2268.97100 1230.01500
<CMD> zoomBox 1187.83400 598.16700 2191.93500 1179.61600
<CMD> zoomBox 1272.33300 642.18300 2125.82000 1136.41500
<CMD> zoomBox 1344.15800 679.59700 2069.62200 1099.69400
<CMD> zoomBox 1457.10200 738.42900 1981.25100 1041.95000
<CMD> zoomBox 1504.42600 763.95900 1949.95300 1021.95200
<CMD> addIoFiller -cell pfeed30000 pfeed10000 pfeed02000 pfeed01000 pfeed00540 pfeed00120 pfeed00040 pfeed00010 -prefix FILLER -side n
Added 15 of filler cell 'pfeed30000' on top side.
Added 0 of filler cell 'pfeed10000' on top side.
Added 32 of filler cell 'pfeed02000' on top side.
Added 15 of filler cell 'pfeed01000' on top side.
Added 1 of filler cell 'pfeed00540' on top side.
Added 2 of filler cell 'pfeed00120' on top side.
Added 1 of filler cell 'pfeed00040' on top side.
Added 2 of filler cell 'pfeed00010' on top side.
<CMD> addIoFiller -cell pfeed30000 pfeed10000 pfeed02000 pfeed01000 pfeed00540 pfeed00120 pfeed00040 pfeed00010 -prefix FILLER -side s
Added 15 of filler cell 'pfeed30000' on bottom side.
Added 0 of filler cell 'pfeed10000' on bottom side.
Added 32 of filler cell 'pfeed02000' on bottom side.
Added 15 of filler cell 'pfeed01000' on bottom side.
Added 1 of filler cell 'pfeed00540' on bottom side.
Added 2 of filler cell 'pfeed00120' on bottom side.
Added 1 of filler cell 'pfeed00040' on bottom side.
Added 2 of filler cell 'pfeed00010' on bottom side.
<CMD> addIoFiller -cell pfeed30000 pfeed10000 pfeed02000 pfeed01000 pfeed00540 pfeed00120 pfeed00040 pfeed00010 -prefix FILLER -side w
Added 15 of filler cell 'pfeed30000' on left side.
Added 0 of filler cell 'pfeed10000' on left side.
Added 32 of filler cell 'pfeed02000' on left side.
Added 15 of filler cell 'pfeed01000' on left side.
Added 1 of filler cell 'pfeed00540' on left side.
Added 2 of filler cell 'pfeed00120' on left side.
Added 1 of filler cell 'pfeed00040' on left side.
Added 2 of filler cell 'pfeed00010' on left side.
<CMD> addIoFiller -cell pfeed30000 pfeed10000 pfeed02000 pfeed01000 pfeed00540 pfeed00120 pfeed00040 pfeed00010 -prefix FILLER -side e
Added 1 of filler cell 'pfeed30000' on right side.
Added 31 of filler cell 'pfeed10000' on right side.
Added 62 of filler cell 'pfeed02000' on right side.
Added 0 of filler cell 'pfeed01000' on right side.
Added 1 of filler cell 'pfeed00540' on right side.
Added 2 of filler cell 'pfeed00120' on right side.
Added 1 of filler cell 'pfeed00040' on right side.
Added 2 of filler cell 'pfeed00010' on right side.
<CMD> selectInst FILLER_E_16
<CMD> fit
<CMD> zoomBox -86.69900 190.77500 2575.63400 1732.46300
<CMD> zoomBox 203.62700 303.88000 2466.61100 1614.31500
<CMD> zoomBox 626.93500 485.89100 2261.94200 1432.68100
<CMD> zoomBox 1067.24600 681.12400 2071.34600 1262.57200
<CMD> zoomBox 1262.61100 767.91500 1988.07400 1188.01200
<CMD> zoomBox 1409.20900 831.10500 1933.35800 1134.62600
<CMD> zoomBox 1467.78500 855.83100 1913.31200 1113.82400
<CMD> zoomBox 1517.57500 876.84800 1896.27300 1096.14200
<CMD> fit
<CMD> saveDesign fft_8_top_Floorplan.enc
#% Begin save design ... (date=04/16 17:46:25, mem=1633.7M)
% Begin Save ccopt configuration ... (date=04/16 17:46:25, mem=1633.7M)
% End Save ccopt configuration ... (date=04/16 17:46:25, total cpu=0:00:00.0, real=0:00:00.0, peak res=1633.7M, current mem=1633.7M)
% Begin Save netlist data ... (date=04/16 17:46:25, mem=1633.7M)
Writing Binary DB to fft_8_top_Floorplan.enc.dat/fft_8_top.v.bin in single-threaded mode...
% End Save netlist data ... (date=04/16 17:46:25, total cpu=0:00:00.0, real=0:00:00.0, peak res=1635.3M, current mem=1635.3M)
Saving symbol-table file ...
Saving congestion map file fft_8_top_Floorplan.enc.dat/fft_8_top.route.congmap.gz ...
% Begin Save AAE data ... (date=04/16 17:46:25, mem=1635.3M)
Saving AAE Data ...
% End Save AAE data ... (date=04/16 17:46:25, total cpu=0:00:00.0, real=0:00:00.0, peak res=1635.3M, current mem=1635.3M)
Saving preference file fft_8_top_Floorplan.enc.dat/gui.pref.tcl ...
Saving mode setting ...
Saving global file ...
% Begin Save floorplan data ... (date=04/16 17:46:26, mem=1637.2M)
Saving floorplan file ...
% End Save floorplan data ... (date=04/16 17:46:26, total cpu=0:00:00.0, real=0:00:00.0, peak res=1637.2M, current mem=1637.2M)
Saving Drc markers ...
... No Drc file written since there is no markers found.
% Begin Save placement data ... (date=04/16 17:46:26, mem=1637.2M)
** Saving stdCellPlacement_binary (version# 2) ...
Save Adaptive View Pruning View Names to Binary file
% End Save placement data ... (date=04/16 17:46:26, total cpu=0:00:00.0, real=0:00:00.0, peak res=1637.9M, current mem=1637.9M)
% Begin Save routing data ... (date=04/16 17:46:26, mem=1637.9M)
Saving route file ...
*** Completed saveRoute (cpu=0:00:00.0 real=0:00:00.0 mem=1642.6M) ***
% End Save routing data ... (date=04/16 17:46:26, total cpu=0:00:00.0, real=0:00:00.0, peak res=1638.1M, current mem=1638.1M)
Saving property file fft_8_top_Floorplan.enc.dat/fft_8_top.prop
*** Completed saveProperty (cpu=0:00:00.0 real=0:00:00.0 mem=1645.6M) ***
% Begin Save power constraints data ... (date=04/16 17:46:26, mem=1639.6M)
% End Save power constraints data ... (date=04/16 17:46:26, total cpu=0:00:00.0, real=0:00:00.0, peak res=1639.6M, current mem=1639.6M)
rc_best rc_worst
Generated self-contained design fft_8_top_Floorplan.enc.dat
#% End save design ... (date=04/16 17:46:26, total cpu=0:00:00.3, real=0:00:01.0, peak res=1668.2M, current mem=1633.9M)
*** Message Summary: 0 warning(s), 0 error(s)

<CMD> deselectAll

--------------------------------------------------------------------------------
Exiting Innovus on Thu Apr 16 17:48:44 2026
  Total CPU time:     0:03:10
  Total real time:    0:17:52
  Peak memory (main): 1669.11MB


*** Memory Usage v#1 (Current mem = 1689.238M, initial mem = 483.883M) ***
*** Message Summary: 1502 warning(s), 0 error(s)

--- Ending "Innovus" (totcpu=0:03:10, real=0:17:51, mem=1689.2M) ---
