============================================================
  Generated by:           Genus(TM) Synthesis Solution 21.14-s082_1
  Generated on:           Apr 16 2026  02:04:47 pm
  Module:                 fft_8_top
  Technology libraries:   tsl18fs120_scl_ss 1
                          tsl18cio150_max 1.0
  Operating conditions:   tsl18cio150_max (worst_case_tree)
  Wireload mode:          enclosed
  Area mode:              timing library
============================================================

Timing
--------

  Clock    Period 
------------------
fft_clk   15000.0 
vir_clk_i 15000.0 


   Cost     Critical         Violating 
  Group    Path Slack  TNS     Paths   
---------------------------------------
default      No paths   0.0            
fft_clk      No paths   0.0            
I2O          No paths   0.0            
I2R            2115.6   0.0          0 
R2O          No paths   0.0            
R2R               1.4   0.0          0 
vir_clk_i    No paths   0.0            
---------------------------------------
Total                   0.0          0 

Instance Count
--------------
Leaf Instance Count             9216 
Physical Instance count            0 
Sequential Instance Count       2145 
Combinational Instance Count    7071 
Hierarchical Instance Count        4 

Area
----
Cell Area                          388808.601
Physical Cell Area                 0.000
Total Cell Area (Cell+Physical)    388808.601
Net Area                           7154.149
Total Area (Cell+Physical+Net)     395962.750

Runtime                            47.67528300000001 seconds
Elapsed Runtime                    322 seconds
Genus peak memory usage            2010.52 
Innovus peak memory usage          no_value 
Hostname                           vlsilab03.nitrr.ac.in
