============================================================
  Generated by:           Genus(TM) Synthesis Solution 21.14-s082_1
  Generated on:           Apr 16 2026  02:03:10 pm
  Module:                 fft_8_top
  Technology libraries:   tsl18fs120_scl_ss 1
                          tsl18cio150_max 1.0
  Operating conditions:   tsl18cio150_max (worst_case_tree)
  Wireload mode:          enclosed
  Area mode:              timing library
============================================================

                  Instance                                     Module                    Cell Count  Cell Area  Net Area   Total Area   Wireload   
---------------------------------------------------------------------------------------------------------------------------------------------------
fft_8_top                                                                                     26289 698163.143     4.186   698167.329 1000000 (S)  
  fifo_in                                    fifo_DATA_WIDTH16_ADDR_WIDTH5                     1797  66426.352     0.000    66426.352   70000 (S)  
  fifo_out                                   fifo_DATA_WIDTH16_ADDR_WIDTH5_1                   1782  66099.544     0.000    66099.544   70000 (S)  
  u_fft_1                                    fft_8_DATA_WIDTH16                               10294 222461.336     0.000   222461.336  280000 (S)  
    ADD_TC_OP                                add_signed_14103                                   159   3352.417     0.000     3352.417    4000 (S)  
    add_50_33                                add_signed_839_23_1370                             122   2572.295     0.000     2572.295    4000 (S)  
    add_52_33                                add_signed_839_23_1369                             122   2572.295     0.000     2572.295    4000 (S)  
    add_54_33                                add_signed_839_23_1367                             122   2572.295     0.000     2572.295    4000 (S)  
    add_56_33                                add_signed_839_23_1366                             122   2572.295     0.000     2572.295    4000 (S)  
    add_59_33                                add_signed_839_23_1355                             122   2572.295     0.000     2572.295    4000 (S)  
    add_61_33                                add_signed_839_23_1354                             122   2572.295     0.000     2572.295    4000 (S)  
    add_63_33                                add_signed_839_23_1360                             122   2572.295     0.000     2572.295    4000 (S)  
    add_65_33                                add_signed_839_23_1359                             122   2572.295     0.000     2572.295    4000 (S)  
    add_77_36                                add_signed_839_23_1371                             122   2572.295     0.000     2572.295    4000 (S)  
    add_78_36                                add_signed_839_23_1364                             122   2572.295     0.000     2572.295    4000 (S)  
    add_81_36                                add_signed_839_23_1368                             122   2572.295     0.000     2572.295    4000 (S)  
    add_82_36                                add_signed_839_23_1363                             122   2572.295     0.000     2572.295    4000 (S)  
    add_86_36                                add_signed_839_23_1356                             122   2572.295     0.000     2572.295    4000 (S)  
    add_87_36                                add_signed_839_23_1351                             122   2572.295     0.000     2572.295    4000 (S)  
    add_90_36                                add_signed_839_23_1353                             122   2572.295     0.000     2572.295    4000 (S)  
    add_91_36                                add_signed_839_23_1362                             122   2572.295     0.000     2572.295    4000 (S)  
    add_105_36                               add_signed_839_23                                  122   2572.295     0.000     2572.295    4000 (S)  
    add_106_36                               add_signed_839_23_1365                             122   2572.295     0.000     2572.295    4000 (S)  
    add_107_36                               add_signed_839_23                                  122   2572.295     0.000     2572.295    4000 (S)  
    add_108_36                               add_signed_839_23_1358                             122   2572.295     0.000     2572.295    4000 (S)  
    add_114_36                               add_signed_839_23                                  122   2572.295     0.000     2572.295    4000 (S)  
    add_115_36                               add_signed_839_23_1352                             122   2572.295     0.000     2572.295    4000 (S)  
    add_116_36                               add_signed_839_23_1350                             122   2572.295     0.000     2572.295    4000 (S)  
    add_117_36                               add_signed_839_23_1349                             122   2572.295     0.000     2572.295    4000 (S)  
    const_multiply_103_2:mul_34_19           mult_signed_const_13513                            602  12692.799     0.000    12692.799   16000 (S)  
    const_multiply_103_2:mul_34_37           mult_signed_const_13513_1428                       592  12481.955     0.000    12481.955   16000 (S)  
    csa_tree_multiply_101_2_add_35_28_groupi csa_tree_multiply_101_2_add_35_28_group_74        1272  26819.336     0.000    26819.336   35000 (S)  
    csa_tree_multiply_101_2_sub_34_28_groupi csa_tree_multiply_101_2_sub_34_28_group_98        1243  26207.889     0.000    26207.889   35000 (S)  
    multiply_103_2:sub_34_28                 sub_signed                                         158   3331.333     0.000     3331.333    4000 (S)  
    sub_51_33                                sub_signed_837_23                                  121   2551.210     0.000     2551.210    4000 (S)  
    sub_53_33                                sub_signed_837_23_1407                             121   2551.210     0.000     2551.210    4000 (S)  
    sub_55_33                                sub_signed_837_23_1417                             121   2551.210     0.000     2551.210    4000 (S)  
    sub_57_33                                sub_signed_837_23_1414                             121   2551.210     0.000     2551.210    4000 (S)  
    sub_60_33                                sub_signed_837_23_1408                             121   2551.210     0.000     2551.210    4000 (S)  
    sub_62_33                                sub_signed_837_23_1418                             121   2551.210     0.000     2551.210    4000 (S)  
    sub_64_33                                sub_signed_837_23_1415                             121   2551.210     0.000     2551.210    4000 (S)  
    sub_66_33                                sub_signed_837_23_1416                             121   2551.210     0.000     2551.210    4000 (S)  
    sub_79_36                                sub_signed_837_23_1413                             121   2551.210     0.000     2551.210    4000 (S)  
    sub_80_36                                sub_signed_837_23_1411                             121   2551.210     0.000     2551.210    4000 (S)  
    sub_83_36                                sub_signed_837_23_1405                             121   2551.210     0.000     2551.210    4000 (S)  
    sub_84_36                                sub_signed_837_23_1410                             121   2551.210     0.000     2551.210    4000 (S)  
    sub_88_36                                sub_signed_837_23_1406                             121   2551.210     0.000     2551.210    4000 (S)  
    sub_89_36                                sub_signed_837_23_1404                             121   2551.210     0.000     2551.210    4000 (S)  
    sub_92_36                                sub_signed_837_23_1412                             121   2551.210     0.000     2551.210    4000 (S)  
    sub_93_36                                sub_signed_837_23_1409                             121   2551.210     0.000     2551.210    4000 (S)  
    sub_109_36                               sub_signed_837_23_1375                             121   2551.210     0.000     2551.210    4000 (S)  
    sub_110_36                               sub_signed_837_23_1378                             121   2551.210     0.000     2551.210    4000 (S)  
    sub_111_36                               sub_signed_837_23_1375                             121   2551.210     0.000     2551.210    4000 (S)  
    sub_112_36                               sub_signed_837_23_1376                             121   2551.210     0.000     2551.210    4000 (S)  
    sub_118_36                               sub_signed_837_23_1375                             121   2551.210     0.000     2551.210    4000 (S)  
    sub_119_36                               sub_signed_837_23_1374                             121   2551.210     0.000     2551.210    4000 (S)  
    sub_120_36                               sub_signed_837_23_1373                             121   2551.210     0.000     2551.210    4000 (S)  
    sub_121_36                               sub_signed_837_23_1372                             121   2551.210     0.000     2551.210    4000 (S)  
  u_fft_2                                    fft_8_DATA_WIDTH16_116                           10294 222461.336     0.000   222461.336  280000 (S)  
    ADD_TC_OP                                add_signed_14103_1430                              159   3352.417     0.000     3352.417    4000 (S)  
    add_50_33                                add_signed_839_23_1346                             122   2572.295     0.000     2572.295    4000 (S)  
    add_52_33                                add_signed_839_23_1345                             122   2572.295     0.000     2572.295    4000 (S)  
    add_54_33                                add_signed_839_23_1343                             122   2572.295     0.000     2572.295    4000 (S)  
    add_56_33                                add_signed_839_23_1342                             122   2572.295     0.000     2572.295    4000 (S)  
    add_59_33                                add_signed_839_23_1331                             122   2572.295     0.000     2572.295    4000 (S)  
    add_61_33                                add_signed_839_23_1330                             122   2572.295     0.000     2572.295    4000 (S)  
    add_63_33                                add_signed_839_23_1336                             122   2572.295     0.000     2572.295    4000 (S)  
    add_65_33                                add_signed_839_23_1335                             122   2572.295     0.000     2572.295    4000 (S)  
    add_77_36                                add_signed_839_23_1347                             122   2572.295     0.000     2572.295    4000 (S)  
    add_78_36                                add_signed_839_23_1340                             122   2572.295     0.000     2572.295    4000 (S)  
    add_81_36                                add_signed_839_23_1344                             122   2572.295     0.000     2572.295    4000 (S)  
    add_82_36                                add_signed_839_23_1339                             122   2572.295     0.000     2572.295    4000 (S)  
    add_86_36                                add_signed_839_23_1332                             122   2572.295     0.000     2572.295    4000 (S)  
    add_87_36                                add_signed_839_23_1327                             122   2572.295     0.000     2572.295    4000 (S)  
    add_90_36                                add_signed_839_23_1329                             122   2572.295     0.000     2572.295    4000 (S)  
    add_91_36                                add_signed_839_23_1338                             122   2572.295     0.000     2572.295    4000 (S)  
    add_105_36                               add_signed_839_23                                  122   2572.295     0.000     2572.295    4000 (S)  
    add_106_36                               add_signed_839_23_1365                             122   2572.295     0.000     2572.295    4000 (S)  
    add_107_36                               add_signed_839_23                                  122   2572.295     0.000     2572.295    4000 (S)  
    add_108_36                               add_signed_839_23_1358                             122   2572.295     0.000     2572.295    4000 (S)  
    add_114_36                               add_signed_839_23                                  122   2572.295     0.000     2572.295    4000 (S)  
    add_115_36                               add_signed_839_23_1352                             122   2572.295     0.000     2572.295    4000 (S)  
    add_116_36                               add_signed_839_23_1350                             122   2572.295     0.000     2572.295    4000 (S)  
    add_117_36                               add_signed_839_23_1349                             122   2572.295     0.000     2572.295    4000 (S)  
    const_multiply_103_2:mul_34_19           mult_signed_const_13513                            602  12692.799     0.000    12692.799   16000 (S)  
    const_multiply_103_2:mul_34_37           mult_signed_const_13513_1428                       592  12481.955     0.000    12481.955   16000 (S)  
    csa_tree_multiply_101_2_add_35_28_groupi csa_tree_multiply_101_2_add_35_28_group_74        1272  26819.336     0.000    26819.336   35000 (S)  
    csa_tree_multiply_101_2_sub_34_28_groupi csa_tree_multiply_101_2_sub_34_28_group_98        1243  26207.889     0.000    26207.889   35000 (S)  
    multiply_103_2:sub_34_28                 sub_signed                                         158   3331.333     0.000     3331.333    4000 (S)  
    sub_51_33                                sub_signed_837_23_1395                             121   2551.210     0.000     2551.210    4000 (S)  
    sub_53_33                                sub_signed_837_23_1383                             121   2551.210     0.000     2551.210    4000 (S)  
    sub_55_33                                sub_signed_837_23_1393                             121   2551.210     0.000     2551.210    4000 (S)  
    sub_57_33                                sub_signed_837_23_1390                             121   2551.210     0.000     2551.210    4000 (S)  
    sub_60_33                                sub_signed_837_23_1384                             121   2551.210     0.000     2551.210    4000 (S)  
    sub_62_33                                sub_signed_837_23_1394                             121   2551.210     0.000     2551.210    4000 (S)  
    sub_64_33                                sub_signed_837_23_1391                             121   2551.210     0.000     2551.210    4000 (S)  
    sub_66_33                                sub_signed_837_23_1392                             121   2551.210     0.000     2551.210    4000 (S)  
    sub_79_36                                sub_signed_837_23_1389                             121   2551.210     0.000     2551.210    4000 (S)  
    sub_80_36                                sub_signed_837_23_1387                             121   2551.210     0.000     2551.210    4000 (S)  
    sub_83_36                                sub_signed_837_23_1381                             121   2551.210     0.000     2551.210    4000 (S)  
    sub_84_36                                sub_signed_837_23_1386                             121   2551.210     0.000     2551.210    4000 (S)  
    sub_88_36                                sub_signed_837_23_1382                             121   2551.210     0.000     2551.210    4000 (S)  
    sub_89_36                                sub_signed_837_23_1380                             121   2551.210     0.000     2551.210    4000 (S)  
    sub_92_36                                sub_signed_837_23_1388                             121   2551.210     0.000     2551.210    4000 (S)  
    sub_93_36                                sub_signed_837_23_1385                             121   2551.210     0.000     2551.210    4000 (S)  
    sub_109_36                               sub_signed_837_23_1375                             121   2551.210     0.000     2551.210    4000 (S)  
    sub_110_36                               sub_signed_837_23_1378                             121   2551.210     0.000     2551.210    4000 (S)  
    sub_111_36                               sub_signed_837_23_1375                             121   2551.210     0.000     2551.210    4000 (S)  
    sub_112_36                               sub_signed_837_23_1376                             121   2551.210     0.000     2551.210    4000 (S)  
    sub_118_36                               sub_signed_837_23_1375                             121   2551.210     0.000     2551.210    4000 (S)  
    sub_119_36                               sub_signed_837_23_1374                             121   2551.210     0.000     2551.210    4000 (S)  
    sub_120_36                               sub_signed_837_23_1373                             121   2551.210     0.000     2551.210    4000 (S)  
    sub_121_36                               sub_signed_837_23_1372                             121   2551.210     0.000     2551.210    4000 (S)  
  (S) = wireload was automatically selected
