============================================================
  Generated by:           Genus(TM) Synthesis Solution 21.14-s082_1
  Generated on:           Apr 16 2026  02:03:12 pm
  Module:                 fft_8_top
  Technology libraries:   tsl18fs120_scl_ss 1
                          tsl18cio150_max 1.0
  Operating conditions:   tsl18cio150_max (worst_case_tree)
  Wireload mode:          enclosed
  Area mode:              timing library
============================================================

                               Leakage  
 Gate   Instances    Area    Power (nW)       Library      
-----------------------------------------------------------
pc3c01          1   1295.440     61.979    tsl18cio150_max 
pc3d01         20  25908.801   7785.363    tsl18cio150_max 
pc3o05         16  20727.041   6194.083    tsl18cio150_max 
-----------------------------------------------------------
total          37  47931.282  14041.424                    


                                            Leakage  Leakage 
     Type      Instances    Area   Area % Power (nW) Power % 
-------------------------------------------------------------
timing_model          37 47931.282  100.0  14041.424    65.6 
sequential          2145     0.000    0.0   6136.845    28.7 
inverter               8     0.000    0.0      1.182     0.0 
logic              24099     0.000    0.0   1230.381     5.7 
physical_cells         0     0.000    0.0      0.000     0.0 
-------------------------------------------------------------
total              26289 47931.282  100.0  21409.832   100.0 

