============================================================
  Generated by:           Genus(TM) Synthesis Solution 21.14-s082_1
  Generated on:           Apr 16 2026  02:04:46 pm
  Module:                 fft_8_top
  Technology libraries:   tsl18fs120_scl_ss 1
                          tsl18cio150_max 1.0
  Operating conditions:   tsl18cio150_max (worst_case_tree)
  Wireload mode:          enclosed
  Area mode:              timing library
============================================================

                                   Leakage  
   Gate    Instances     Area    Power (nW)        Library       
-----------------------------------------------------------------
ad01d1          2192  130599.364   2101.470    tsl18fs120_scl_ss 
ah01d1            64    2208.000     48.243    tsl18fs120_scl_ss 
an02d0             2      31.360      0.195    tsl18fs120_scl_ss 
an02d1            65    1019.200     14.762    tsl18fs120_scl_ss 
an02d2            11     207.020      5.976    tsl18fs120_scl_ss 
an02d4             4      87.800      4.868    tsl18fs120_scl_ss 
an02da             1      40.770      4.297    tsl18fs120_scl_ss 
an03d1            15     282.300      4.513    tsl18fs120_scl_ss 
an04d1             1      25.090      0.162    tsl18fs120_scl_ss 
an04d2             1      28.220      0.305    tsl18fs120_scl_ss 
an12d1             3      65.850      1.409    tsl18fs120_scl_ss 
aoi211d1          34     639.880      8.187    tsl18fs120_scl_ss 
aoi21d1          110    1724.800     16.324    tsl18fs120_scl_ss 
aoi221d1           2      50.180      0.329    tsl18fs120_scl_ss 
aoi222d1          12     376.320      1.385    tsl18fs120_scl_ss 
aoi22d1          638   12007.160     49.439    tsl18fs120_scl_ss 
aoi321d1           1      31.360      0.132    tsl18fs120_scl_ss 
aoim21d1           4      75.280      1.566    tsl18fs120_scl_ss 
aoim22d1          64    1404.800     33.549    tsl18fs120_scl_ss 
aon211d1         123    2314.860      6.200    tsl18fs120_scl_ss 
aor211d1           1      25.090      0.514    tsl18fs120_scl_ss 
aor21d1            5     109.750      2.156    tsl18fs120_scl_ss 
aor222d1          13     489.190      5.238    tsl18fs120_scl_ss 
bufbd3            18     395.100     20.664    tsl18fs120_scl_ss 
buffd4             1      25.090      1.786    tsl18fs120_scl_ss 
buffd7             2      62.720      4.478    tsl18fs120_scl_ss 
cg01d0             4     112.880      0.537    tsl18fs120_scl_ss 
cg01d1            36    1015.920      9.544    tsl18fs120_scl_ss 
decrq1            13    1141.530     10.379    tsl18fs120_scl_ss 
dfcrb1            22    1586.860     18.502    tsl18fs120_scl_ss 
dfcrb2             2     156.800      2.756    tsl18fs120_scl_ss 
dfcrn1             1      65.860      0.660    tsl18fs120_scl_ss 
dfcrq1             2     131.720      1.746    tsl18fs120_scl_ss 
dfnrb1             2     125.440      1.749    tsl18fs120_scl_ss 
dfnrq1          1555   92646.903   1223.940    tsl18fs120_scl_ss 
dfnrq4            32    2207.680     91.552    tsl18fs120_scl_ss 
dfprb1             2     150.520      2.104    tsl18fs120_scl_ss 
inv0d0           936    5868.720    138.341    tsl18fs120_scl_ss 
inv0d1            98     922.180      9.221    tsl18fs120_scl_ss 
inv0d2             5      62.700      1.020    tsl18fs120_scl_ss 
inv0d4             2      37.640      0.817    tsl18fs120_scl_ss 
inv0d7             2      56.440      1.408    tsl18fs120_scl_ss 
invbd4             1      21.950      0.388    tsl18fs120_scl_ss 
invbd7             1      31.360      0.528    tsl18fs120_scl_ss 
lanhq1             2      87.800      1.094    tsl18fs120_scl_ss 
lanlq1           512   22476.801    283.955    tsl18fs120_scl_ss 
mx02d1          1548   38839.320    558.983    tsl18fs120_scl_ss 
nd02d0            47     589.380      1.349    tsl18fs120_scl_ss 
nd02d1            85    1065.900      2.821    tsl18fs120_scl_ss 
nd02d2             2      37.640      0.136    tsl18fs120_scl_ss 
nd03d1             2      31.360      0.053    tsl18fs120_scl_ss 
nd04d1           157    2954.740      3.214    tsl18fs120_scl_ss 
nd12d0            10     156.800      1.406    tsl18fs120_scl_ss 
nd12d1            14     219.520      2.313    tsl18fs120_scl_ss 
nd12d2             1      25.090      0.284    tsl18fs120_scl_ss 
nd13d1             1      21.950      0.142    tsl18fs120_scl_ss 
nd23d2             1      31.360      0.377    tsl18fs120_scl_ss 
nr02d0           106    1329.240     14.798    tsl18fs120_scl_ss 
nr02d1            68     852.720     11.832    tsl18fs120_scl_ss 
nr02d2            20     376.400      8.278    tsl18fs120_scl_ss 
nr02d7             1      40.770      1.096    tsl18fs120_scl_ss 
nr03d1            11     172.480      3.325    tsl18fs120_scl_ss 
nr04d1             3      56.460      1.067    tsl18fs120_scl_ss 
nr04d2             1      34.500      0.797    tsl18fs120_scl_ss 
nr13d1             2      43.900      0.664    tsl18fs120_scl_ss 
nr23d2             2      62.720      1.051    tsl18fs120_scl_ss 
oai211d1          16     301.120      0.502    tsl18fs120_scl_ss 
oai21d1           58     909.440      3.250    tsl18fs120_scl_ss 
oai221d1           2      56.440      0.086    tsl18fs120_scl_ss 
oai22d1           24     451.680      1.975    tsl18fs120_scl_ss 
oai311d1           1      25.090      0.031    tsl18fs120_scl_ss 
oai31d1            8     175.600      0.474    tsl18fs120_scl_ss 
oai321d1           2      62.720      0.092    tsl18fs120_scl_ss 
oaim211d1          2      50.180      0.157    tsl18fs120_scl_ss 
oaim21d1           8     150.560      1.029    tsl18fs120_scl_ss 
oaim22d1         271    6799.390     65.907    tsl18fs120_scl_ss 
oan211d1           1      18.820      0.158    tsl18fs120_scl_ss 
or02d0            10     156.800      2.042    tsl18fs120_scl_ss 
or02d1            42     658.560     14.154    tsl18fs120_scl_ss 
or02d2            18     338.760     12.472    tsl18fs120_scl_ss 
or03d1             6     131.700      2.408    tsl18fs120_scl_ss 
or03d2             2      50.180      1.550    tsl18fs120_scl_ss 
ora211d1           1      25.090      0.322    tsl18fs120_scl_ss 
pc3c01             1    1295.440     61.979    tsl18cio150_max   
pc3d01            20   25908.801   7785.363    tsl18cio150_max   
pc3o05            16   20727.041   6194.083    tsl18cio150_max   
xr02d1             4     125.440      2.393    tsl18fs120_scl_ss 
xr03d1             4     213.240      5.900    tsl18fs120_scl_ss 
-----------------------------------------------------------------
total           9216  388808.601  18908.702                      


                                                     Leakage  Leakage 
     Library      Instances Instances %    Area    Power (nW) Power % 
----------------------------------------------------------------------
tsl18cio150_max          37         0.4  47931.282  14041.424    74.3 
tsl18fs120_scl_ss      9179        99.6 340877.318   4867.278    25.7 

                                             Leakage  Leakage 
     Type      Instances    Area    Area % Power (nW) Power % 
--------------------------------------------------------------
timing_model          37  47931.282   12.3  14041.424    74.3 
sequential          2145 120777.914   31.1   1638.438     8.7 
inverter            1045   7000.990    1.8    151.723     0.8 
buffer                21    482.910    0.1     26.928     0.1 
logic               5968 212615.504   54.7   3050.189    16.1 
physical_cells         0      0.000    0.0      0.000     0.0 
--------------------------------------------------------------
total               9216 388808.601  100.0  18908.702   100.0 

