
Cadence Innovus(TM) Implementation System.
Copyright 2021 Cadence Design Systems, Inc. All rights reserved worldwide.

Version:	v21.15-s110_1, built Fri Sep 23 13:08:12 PDT 2022
Options:	
Date:		Thu Apr 16 19:38:12 2026
Host:		vlsilab03.nitrr.ac.in (x86_64 w/Linux 4.18.0-425.3.1.el8.x86_64) (4cores*4cpus*Intel(R) Xeon(R) CPU E5-1607 v3 @ 3.10GHz 10240KB)
OS:		Red Hat Enterprise Linux release 8.7 (Ootpa)

License:
		[19:38:12.275905] Configured Lic search path (21.01-s002): 5280@14.139.1.126

		invs	Innovus Implementation System	21.1	checkout succeeded
		8 CPU jobs allowed with the current license(s). Use setMultiCpuUsage to set your required CPU count.
Change the soft stacksize limit to 0.2%RAM (55 mbytes). Set global soft_stack_size_limit to change the value.

**INFO:  MMMC transition support version v31-84 

<CMD> set_global _enable_mmmc_by_default_flow      $CTE::mmmc_default
<CMD> suppressMessage ENCEXT-2799
<CMD> getVersion
[INFO] Loading PVS 22.20 fill procedures
<CMD> win
<CMD> encMessage warning 0
Suppress "**WARN ..." messages.
<CMD> encMessage debug 0
<CMD> is_common_ui_mode
<CMD> restoreDesign /home/vlsilab/Music/FFT/FFT/6_fft_powerplan/fft_8_top_Powerplan.enc.dat fft_8_top
#% Begin load design ... (date=04/16 19:40:41, mem=1019.1M)
Loading design 'fft_8_top' saved by 'Innovus' '21.15-s110_1' on 'Thu Apr 16 19:35:25 2026'.
% Begin Load MMMC data ... (date=04/16 19:40:41, mem=1023.3M)
% End Load MMMC data ... (date=04/16 19:40:41, total cpu=0:00:00.0, real=0:00:00.0, peak res=1023.8M, current mem=1023.8M)
rc_best rc_worst

Loading LEF file /home/vlsilab/Music/FFT/FFT/6_fft_powerplan/fft_8_top_Powerplan.enc.dat/libs/lef/scl18fs120_tech.lef ...

Loading LEF file /home/vlsilab/Music/FFT/FFT/6_fft_powerplan/fft_8_top_Powerplan.enc.dat/libs/lef/scl18fs120_std.lef ...
Set DBUPerIGU to M2 pitch 560.

Loading LEF file /home/vlsilab/Music/FFT/FFT/6_fft_powerplan/fft_8_top_Powerplan.enc.dat/libs/lef/tsl18cio150_6lm.lef ...
**WARN: (IMPLF-200):	Pin 'PAD' in macro 'apc3d01' has no ANTENNAGATEAREA value defined. The library data is incomplete and some process antenna rules will not be checked correctly.
Type 'man IMPLF-200' for more detail.
**WARN: (IMPLF-200):	Pin 'PAD' in macro 'pc3b01' has no ANTENNAGATEAREA value defined. The library data is incomplete and some process antenna rules will not be checked correctly.
Type 'man IMPLF-200' for more detail.
**WARN: (IMPLF-200):	Pin 'PAD' in macro 'pc3b01d' has no ANTENNAGATEAREA value defined. The library data is incomplete and some process antenna rules will not be checked correctly.
Type 'man IMPLF-200' for more detail.
**WARN: (IMPLF-200):	Pin 'PAD' in macro 'pc3b01u' has no ANTENNAGATEAREA value defined. The library data is incomplete and some process antenna rules will not be checked correctly.
Type 'man IMPLF-200' for more detail.
**WARN: (IMPLF-200):	Pin 'PAD' in macro 'pc3b02' has no ANTENNAGATEAREA value defined. The library data is incomplete and some process antenna rules will not be checked correctly.
Type 'man IMPLF-200' for more detail.
**WARN: (IMPLF-200):	Pin 'PAD' in macro 'pc3b02d' has no ANTENNAGATEAREA value defined. The library data is incomplete and some process antenna rules will not be checked correctly.
Type 'man IMPLF-200' for more detail.
**WARN: (IMPLF-200):	Pin 'PAD' in macro 'pc3b02u' has no ANTENNAGATEAREA value defined. The library data is incomplete and some process antenna rules will not be checked correctly.
Type 'man IMPLF-200' for more detail.
**WARN: (IMPLF-200):	Pin 'PAD' in macro 'pc3b03' has no ANTENNAGATEAREA value defined. The library data is incomplete and some process antenna rules will not be checked correctly.
Type 'man IMPLF-200' for more detail.
**WARN: (IMPLF-200):	Pin 'PAD' in macro 'pc3b03d' has no ANTENNAGATEAREA value defined. The library data is incomplete and some process antenna rules will not be checked correctly.
Type 'man IMPLF-200' for more detail.
**WARN: (IMPLF-200):	Pin 'PAD' in macro 'pc3b03ed' has no ANTENNAGATEAREA value defined. The library data is incomplete and some process antenna rules will not be checked correctly.
Type 'man IMPLF-200' for more detail.
**WARN: (IMPLF-200):	Pin 'PAD' in macro 'pc3b03u' has no ANTENNAGATEAREA value defined. The library data is incomplete and some process antenna rules will not be checked correctly.
Type 'man IMPLF-200' for more detail.
**WARN: (IMPLF-200):	Pin 'PAD' in macro 'pc3b04' has no ANTENNAGATEAREA value defined. The library data is incomplete and some process antenna rules will not be checked correctly.
Type 'man IMPLF-200' for more detail.
**WARN: (IMPLF-200):	Pin 'PAD' in macro 'pc3b04d' has no ANTENNAGATEAREA value defined. The library data is incomplete and some process antenna rules will not be checked correctly.
Type 'man IMPLF-200' for more detail.
**WARN: (IMPLF-200):	Pin 'PAD' in macro 'pc3b04u' has no ANTENNAGATEAREA value defined. The library data is incomplete and some process antenna rules will not be checked correctly.
Type 'man IMPLF-200' for more detail.
**WARN: (IMPLF-200):	Pin 'PAD' in macro 'pc3b05' has no ANTENNAGATEAREA value defined. The library data is incomplete and some process antenna rules will not be checked correctly.
Type 'man IMPLF-200' for more detail.
**WARN: (IMPLF-200):	Pin 'PAD' in macro 'pc3b05d' has no ANTENNAGATEAREA value defined. The library data is incomplete and some process antenna rules will not be checked correctly.
Type 'man IMPLF-200' for more detail.
**WARN: (IMPLF-200):	Pin 'PAD' in macro 'pc3b05u' has no ANTENNAGATEAREA value defined. The library data is incomplete and some process antenna rules will not be checked correctly.
Type 'man IMPLF-200' for more detail.
**WARN: (IMPLF-200):	Pin 'PAD' in macro 'pc3b21eu' has no ANTENNAGATEAREA value defined. The library data is incomplete and some process antenna rules will not be checked correctly.
Type 'man IMPLF-200' for more detail.
**WARN: (IMPLF-200):	Pin 'PAD' in macro 'pc3b25eu' has no ANTENNAGATEAREA value defined. The library data is incomplete and some process antenna rules will not be checked correctly.
Type 'man IMPLF-200' for more detail.
**WARN: (IMPLF-200):	Pin 'PAD' in macro 'pc3d00' has no ANTENNAGATEAREA value defined. The library data is incomplete and some process antenna rules will not be checked correctly.
Type 'man IMPLF-200' for more detail.
**WARN: (EMS-27):	Message (IMPLF-200) has exceeded the current message display limit of 20.
To increase the message display limit, refer to the product command reference manual.

##  Check design process and node:  
##  Both design process and tech node are not set.

Loading view definition file from /home/vlsilab/Music/FFT/FFT/6_fft_powerplan/fft_8_top_Powerplan.enc.dat/viewDefinition.tcl
Reading max_timing timing library '/opt/sclpdkv3/scl180/stdcell/fs120/6M1L/liberty/lib_flow_ss/tsl18fs120_scl_ss.lib' ...
Both ff/latch and statetable are present in cell 'lanht4'. Only ff/latch will be used to model sequential cell behavior and statetable will be ignored (File /opt/sclpdkv3/scl180/stdcell/fs120/6M1L/liberty/lib_flow_ss/tsl18fs120_scl_ss.lib, Line 104953)
Both ff/latch and statetable are present in cell 'lanht2'. Only ff/latch will be used to model sequential cell behavior and statetable will be ignored (File /opt/sclpdkv3/scl180/stdcell/fs120/6M1L/liberty/lib_flow_ss/tsl18fs120_scl_ss.lib, Line 157476)
Both ff/latch and statetable are present in cell 'lanht1'. Only ff/latch will be used to model sequential cell behavior and statetable will be ignored (File /opt/sclpdkv3/scl180/stdcell/fs120/6M1L/liberty/lib_flow_ss/tsl18fs120_scl_ss.lib, Line 288762)
Read 534 cells in library 'tsl18fs120_scl_ss' 
Reading max_timing timing library '/opt/sclpdkv3/scl180/iopad/cio150/6M1L/liberty/tsl18cio150_max.lib' ...
Read 93 cells in library 'tsl18cio150_max' 
Reading min_timing timing library '/opt/sclpdkv3/scl180/stdcell/fs120/6M1L/liberty/lib_flow_ff/tsl18fs120_scl_ff.lib' ...
Both ff/latch and statetable are present in cell 'lanht4'. Only ff/latch will be used to model sequential cell behavior and statetable will be ignored (File /opt/sclpdkv3/scl180/stdcell/fs120/6M1L/liberty/lib_flow_ff/tsl18fs120_scl_ff.lib, Line 104965)
Both ff/latch and statetable are present in cell 'lanht2'. Only ff/latch will be used to model sequential cell behavior and statetable will be ignored (File /opt/sclpdkv3/scl180/stdcell/fs120/6M1L/liberty/lib_flow_ff/tsl18fs120_scl_ff.lib, Line 157496)
Both ff/latch and statetable are present in cell 'lanht1'. Only ff/latch will be used to model sequential cell behavior and statetable will be ignored (File /opt/sclpdkv3/scl180/stdcell/fs120/6M1L/liberty/lib_flow_ff/tsl18fs120_scl_ff.lib, Line 288805)
Read 534 cells in library 'tsl18fs120_scl_ff' 
Reading min_timing timing library '/opt/sclpdkv3/scl180/iopad/cio150/6M1L/liberty/tsl18cio150_min.lib' ...
Read 93 cells in library 'tsl18cio150_min' 
Starting consistency checks on late and early library sets of delay corner 'max_delay'
late library set: max_timing
early library set: min_timing
Completed consistency checks. Status: Successful
**WARN: (TECHLIB-604):	Operating condition library 'tsl18fs120_scl_ff' not found in library set 'max_timing'. Operating condition library must be part of library set. Check the library provided is internal library name and not the file name. Ignoring operating condition 'op_cond_worst'.
Starting consistency checks on late and early library sets of delay corner 'min_delay'
late library set: max_timing
early library set: min_timing
Completed consistency checks. Status: Successful
**WARN: (TECHLIB-604):	Operating condition library 'tsl18fs120_scl_ff' not found in library set 'max_timing'. Operating condition library must be part of library set. Check the library provided is internal library name and not the file name. Ignoring operating condition 'op_cond_worst'.
*** End library_loading (cpu=0.02min, real=0.03min, mem=36.9M, fe_cpu=0.67min, fe_real=2.52min, fe_mem=1126.3M) ***
% Begin Load netlist data ... (date=04/16 19:40:43, mem=1048.2M)
*** Begin netlist parsing (mem=1126.3M) ***
**WARN: (IMPVL-159):	Pin 'VDD' of cell 'aoim22d1' is defined in LEF but not in the timing library.
Type 'man IMPVL-159' for more detail.
**WARN: (IMPVL-159):	Pin 'VSS' of cell 'aoim22d1' is defined in LEF but not in the timing library.
Type 'man IMPVL-159' for more detail.
**WARN: (IMPVL-159):	Pin 'VDD' of cell 'or04d2' is defined in LEF but not in the timing library.
Type 'man IMPVL-159' for more detail.
**WARN: (IMPVL-159):	Pin 'VSS' of cell 'or04d2' is defined in LEF but not in the timing library.
Type 'man IMPVL-159' for more detail.
**WARN: (IMPVL-159):	Pin 'VDD' of cell 'an02d1' is defined in LEF but not in the timing library.
Type 'man IMPVL-159' for more detail.
**WARN: (IMPVL-159):	Pin 'VSS' of cell 'an02d1' is defined in LEF but not in the timing library.
Type 'man IMPVL-159' for more detail.
**WARN: (IMPVL-159):	Pin 'VDD' of cell 'nd02da' is defined in LEF but not in the timing library.
Type 'man IMPVL-159' for more detail.
**WARN: (IMPVL-159):	Pin 'VSS' of cell 'nd02da' is defined in LEF but not in the timing library.
Type 'man IMPVL-159' for more detail.
**WARN: (IMPVL-159):	Pin 'VDD' of cell 'dl03d2' is defined in LEF but not in the timing library.
Type 'man IMPVL-159' for more detail.
**WARN: (IMPVL-159):	Pin 'VSS' of cell 'dl03d2' is defined in LEF but not in the timing library.
Type 'man IMPVL-159' for more detail.
**WARN: (IMPVL-159):	Pin 'VDD' of cell 'invtd7' is defined in LEF but not in the timing library.
Type 'man IMPVL-159' for more detail.
**WARN: (IMPVL-159):	Pin 'VSS' of cell 'invtd7' is defined in LEF but not in the timing library.
Type 'man IMPVL-159' for more detail.
**WARN: (IMPVL-159):	Pin 'VDD' of cell 'slnht2' is defined in LEF but not in the timing library.
Type 'man IMPVL-159' for more detail.
**WARN: (IMPVL-159):	Pin 'VSS' of cell 'slnht2' is defined in LEF but not in the timing library.
Type 'man IMPVL-159' for more detail.
**WARN: (IMPVL-159):	Pin 'VDD' of cell 'aoim22d2' is defined in LEF but not in the timing library.
Type 'man IMPVL-159' for more detail.
**WARN: (IMPVL-159):	Pin 'VSS' of cell 'aoim22d2' is defined in LEF but not in the timing library.
Type 'man IMPVL-159' for more detail.
**WARN: (IMPVL-159):	Pin 'VDD' of cell 'mffnrb2' is defined in LEF but not in the timing library.
Type 'man IMPVL-159' for more detail.
**WARN: (IMPVL-159):	Pin 'VSS' of cell 'mffnrb2' is defined in LEF but not in the timing library.
Type 'man IMPVL-159' for more detail.
**WARN: (IMPVL-159):	Pin 'VDD' of cell 'nr03d7' is defined in LEF but not in the timing library.
Type 'man IMPVL-159' for more detail.
**WARN: (IMPVL-159):	Pin 'VSS' of cell 'nr03d7' is defined in LEF but not in the timing library.
Type 'man IMPVL-159' for more detail.
**WARN: (EMS-27):	Message (IMPVL-159) has exceeded the current message display limit of 20.
To increase the message display limit, refer to the product command reference manual.
Pin 'VDD' of cell 'pvdi' is declared as power/ground in LEF but as signal in timing library.  Treat it as power/ground.
Pin 'VDDC' of cell 'pvdc' is declared as power/ground in LEF but as signal in timing library.  Treat it as power/ground.
Pin 'VDDO' of cell 'pvda' is declared as power/ground in LEF but as signal in timing library.  Treat it as power/ground.
Pin 'VSS' of cell 'pv0i' is declared as power/ground in LEF but as signal in timing library.  Treat it as power/ground.
Pin 'VSS' of cell 'pv0f' is declared as power/ground in LEF but as signal in timing library.  Treat it as power/ground.
Pin 'VSSC' of cell 'pv0c' is declared as power/ground in LEF but as signal in timing library.  Treat it as power/ground.
Pin 'VSSO' of cell 'pv0a' is declared as power/ground in LEF but as signal in timing library.  Treat it as power/ground.
Pin 'AVDD' of cell 'apvdi' is declared as power/ground in LEF but as signal in timing library.  Treat it as power/ground.
Pin 'AVDDO' of cell 'apvda' is declared as power/ground in LEF but as signal in timing library.  Treat it as power/ground.
Pin 'AVSS' of cell 'apv0i' is declared as power/ground in LEF but as signal in timing library.  Treat it as power/ground.
Pin 'AVSSO' of cell 'apv0a' is declared as power/ground in LEF but as signal in timing library.  Treat it as power/ground.
Created 627 new cells from 4 timing libraries.
Reading netlist ...
Backslashed names will retain backslash and a trailing blank character.
Reading verilogBinary netlist '/home/vlsilab/Music/FFT/FFT/6_fft_powerplan/fft_8_top_Powerplan.enc.dat/fft_8_top.v.bin'

*** Memory Usage v#1 (Current mem = 1132.309M, initial mem = 483.883M) ***
*** End netlist parsing (cpu=0:00:00.0, real=0:00:00.0, mem=1132.3M) ***
% End Load netlist data ... (date=04/16 19:40:43, total cpu=0:00:00.1, real=0:00:00.0, peak res=1069.3M, current mem=1068.8M)
Top level cell is fft_8_top.
Starting consistency checks on late and early library sets of delay corner 'max_delay'
late library set: max_timing
early library set: min_timing
Completed consistency checks. Status: Successful
Starting consistency checks on late and early library sets of delay corner 'min_delay'
late library set: max_timing
early library set: min_timing
Completed consistency checks. Status: Successful
Hooked 1254 DB cells to tlib cells.
Starting recursive module instantiation check.
No recursion found.
Building hierarchical netlist for Cell fft_8_top ...
*** Netlist is unique.
** info: there are 1289 modules.
** info: there are 9179 stdCell insts.
** info: there are 57 Pad insts.

*** Memory Usage v#1 (Current mem = 1185.223M, initial mem = 483.883M) ***
*info: set bottom ioPad orient R0
Reading IO assignment file "/home/vlsilab/Music/FFT/FFT/6_fft_powerplan/fft_8_top_Powerplan.enc.dat/libs/iofile/fft.io" ...
Adjusting Core to Left to: 125.2000. Core to Bottom to: 125.2000.
**WARN: (IMPFP-3961):	The techSite 'CO_MSTR_c' has no related standard cells in the LEF/OA library. The calculations for this site type cannot be made unless standard cell models of this type exist in the LEF/OA library. Ignore this warning if the SITE is not used by the library. Alternatively, remove the SITE definition for the LEF/OA library to avoid this message.
Type 'man IMPFP-3961' for more detail.
**WARN: (IMPFP-3961):	The techSite 'IOSite_c' has no related standard cells in the LEF/OA library. The calculations for this site type cannot be made unless standard cell models of this type exist in the LEF/OA library. Ignore this warning if the SITE is not used by the library. Alternatively, remove the SITE definition for the LEF/OA library to avoid this message.
Type 'man IMPFP-3961' for more detail.
Start create_tracks
Generated pitch 0.56 in M5 is different from 0.66 defined in technology file in preferred direction.
Pre-connect netlist-defined P/G connections...
  Updated 20 instances.
Loading preference file /home/vlsilab/Music/FFT/FFT/6_fft_powerplan/fft_8_top_Powerplan.enc.dat/gui.pref.tcl ...
addRing command will ignore shorts while creating rings.
addRing command will disallow rings to go over rows.
addRing command will consider rows while creating rings.
The ring targets are set to core/block ring wires.
addStripe will allow jog to connect padcore ring and block ring.

Stripes will not extend to closest target.
When breaking rings, the power planner will consider the existence of blocks.
addStripe will break automatically at non-default domains when generating global stripes over the core area or default domain.
The entire stripe set will break at the domain if one of the nets is not in the domain.
Stripes will not be created over regions without power planning wires.
Offset for stripe breaking is set to 0.
Stripes will stop at the boundary of the specified area.
The power planner will set stripe antenna targets to none (no trimming allowed).
Change floorplan default-technical-site to 'CoreSite'.
*Info: initialize multi-corner CTS.
**WARN: (TECHLIB-604):	Operating condition library 'tsl18fs120_scl_ff' not found in library set 'max_timing'. Operating condition library must be part of library set. Check the library provided is internal library name and not the file name. Ignoring operating condition 'op_cond_worst'.
**WARN: (TECHLIB-604):	Operating condition library 'tsl18fs120_scl_ff' not found in library set 'max_timing'. Operating condition library must be part of library set. Check the library provided is internal library name and not the file name. Ignoring operating condition 'op_cond_worst'.
Total number of combinational cells: 321
Total number of sequential cells: 203
Total number of tristate cells: 10
Total number of level shifter cells: 0
Total number of power gating cells: 0
Total number of isolation cells: 0
Total number of power switch cells: 0
Total number of pulse generator cells: 0
Total number of always on buffers: 0
Total number of retention cells: 0
List of usable buffers: bufbd7 buffd2 bufbdf buffda buffd3 bufbda buffd4 bufbd4 bufbd1 bufbd3 buffd7 buffd1 bufbd2
Total number of usable buffers: 13
List of unusable buffers:
Total number of unusable buffers: 0
List of usable inverters: inv0d2 inv0da invbda invbdk inv0d1 inv0d7 invbd4 inv0d0 invbd2 inv0d4 invbd7 invbdf
Total number of usable inverters: 12
List of unusable inverters:
Total number of unusable inverters: 0
List of identified usable delay cells: dl04d1 dl03d1 dl02d2 dl03d4 dl04d2 dl02d1 dl01d4 bufbdk dl04d4 dl02d4 dl01d2 dl01d1 dl03d2
Total number of identified usable delay cells: 13
List of identified unusable delay cells:
Total number of identified unusable delay cells: 0
Reading floorplan file - /home/vlsilab/Music/FFT/FFT/6_fft_powerplan/fft_8_top_Powerplan.enc.dat/fft_8_top.fp.gz (mem = 1434.1M).
% Begin Load floorplan data ... (date=04/16 19:40:43, mem=1359.6M)
*info: reset 11545 existing net BottomPreferredLayer and AvoidDetour
Pre-connect netlist-defined P/G connections...
  Updated 20 instances.
Deleting old partition specification.
Set FPlanBox to (0 0 1939840 1939840)
**WARN: (IMPFP-3961):	The techSite 'CO_MSTR_c' has no related standard cells in the LEF/OA library. The calculations for this site type cannot be made unless standard cell models of this type exist in the LEF/OA library. Ignore this warning if the SITE is not used by the library. Alternatively, remove the SITE definition for the LEF/OA library to avoid this message.
Type 'man IMPFP-3961' for more detail.
**WARN: (IMPFP-3961):	The techSite 'IOSite_c' has no related standard cells in the LEF/OA library. The calculations for this site type cannot be made unless standard cell models of this type exist in the LEF/OA library. Ignore this warning if the SITE is not used by the library. Alternatively, remove the SITE definition for the LEF/OA library to avoid this message.
Type 'man IMPFP-3961' for more detail.
Start create_tracks
Generated pitch 0.56 in M5 is different from 0.66 defined in technology file in preferred direction.
 ... processed partition successfully.
Reading binary special route file /home/vlsilab/Music/FFT/FFT/6_fft_powerplan/fft_8_top_Powerplan.enc.dat/fft_8_top.fp.spr.gz (Created by Innovus v21.15-s110_1 on Thu Apr 16 19:35:24 2026, version: 1)
Convert 0 swires and 0 svias from compressed groups
82 swires and 130 svias were compressed
82 swires and 136 svias were decompressed from small or sparse groups
Ending "Read special route file" (total cpu=0:00:00.0, real=0:00:00.0, peak res=1359.6M, current mem=1359.6M)
There are 365 io inst loaded
Extracting standard cell pins and blockage ...... 
Pin and blockage extraction finished
% End Load floorplan data ... (date=04/16 19:40:44, total cpu=0:00:00.1, real=0:00:01.0, peak res=1362.5M, current mem=1362.5M)
Reading congestion map file /home/vlsilab/Music/FFT/FFT/6_fft_powerplan/fft_8_top_Powerplan.enc.dat/fft_8_top.route.congmap.gz ...
% Begin Load SymbolTable ... (date=04/16 19:40:44, mem=1362.7M)
% End Load SymbolTable ... (date=04/16 19:40:44, total cpu=0:00:00.0, real=0:00:00.0, peak res=1364.7M, current mem=1364.7M)
Loading place ...
% Begin Load placement data ... (date=04/16 19:40:44, mem=1364.7M)
Reading placement file - /home/vlsilab/Music/FFT/FFT/6_fft_powerplan/fft_8_top_Powerplan.enc.dat/fft_8_top.place.gz.
** Reading stdCellPlacement_binary (Created by Innovus v21.15-s110_1 on Thu Apr 16 19:35:24 2026, version# 2) ...
Read Views for adaptive view pruning ...
Read 0 views from Binary DB for adaptive view pruning
*** Completed restorePlace (cpu=0:00:00.0 real=0:00:00.0 mem=1437.1M) ***
Total net length = 1.388e+02 (1.271e+02 1.168e+01) (ext = 0.000e+00)
% End Load placement data ... (date=04/16 19:40:44, total cpu=0:00:00.0, real=0:00:00.0, peak res=1364.9M, current mem=1364.9M)
Reading PG file /home/vlsilab/Music/FFT/FFT/6_fft_powerplan/fft_8_top_Powerplan.enc.dat/fft_8_top.pg.gz, version#2, (Created by Innovus v21.15-s110_1 on       Thu Apr 16 19:35:24 2026)
*** Completed restorePGFile (cpu=0:00:00.0 real=0:00:00.0 mem=1433.1M) ***
% Begin Load routing data ... (date=04/16 19:40:44, mem=1365.5M)
Reading routing file - /home/vlsilab/Music/FFT/FFT/6_fft_powerplan/fft_8_top_Powerplan.enc.dat/fft_8_top.route.gz.
Reading Innovus routing data (Created by Innovus v21.15-s110_1 on Thu Apr 16 19:35:24 2026 Format: 20.1) ...
*** Total 11524 nets are successfully restored.
*** Completed restoreRoute (cpu=0:00:00.0 real=0:00:00.0 mem=1434.1M) ***
% End Load routing data ... (date=04/16 19:40:44, total cpu=0:00:00.0, real=0:00:00.0, peak res=1366.7M, current mem=1365.9M)
TAT_INFO: restoreCongMap REAL = 0 : CPU = 0 : MEM = 0.
Reading property file /home/vlsilab/Music/FFT/FFT/6_fft_powerplan/fft_8_top_Powerplan.enc.dat/fft_8_top.prop
*** Completed restoreProperty (cpu=0:00:00.0 real=0:00:00.0 mem=1437.1M) ***
Extraction setup Started 
Initializing multi-corner RC extraction with 2 active RC Corners ...
Reading Capacitance Table File /home/vlsilab/Music/FFT/FFT/6_fft_powerplan/fft_8_top_Powerplan.enc.dat/libs/mmmc/fft.CapTbl ...
Process name: tsl18_scl_6M1L_typ.
Reading Capacitance Table File /home/vlsilab/Music/FFT/FFT/6_fft_powerplan/fft_8_top_Powerplan.enc.dat/libs/mmmc/fft.CapTbl ...
Process name: tsl18_scl_6M1L_typ.
Importing multi-corner RC tables ... 
Summary of Active RC-Corners : 
 
 Analysis View: worst_case
    RC-Corner Name        : rc_worst
    RC-Corner Index       : 0
    RC-Corner Temperature : 125 Celsius
    RC-Corner Cap Table   : '/home/vlsilab/Music/FFT/FFT/6_fft_powerplan/fft_8_top_Powerplan.enc.dat/libs/mmmc/fft.CapTbl'
    RC-Corner PreRoute Res Factor         : 1
    RC-Corner PreRoute Cap Factor         : 1
    RC-Corner PostRoute Res Factor        : 1 {1 1 1}
    RC-Corner PostRoute Cap Factor        : 1 {1 1 1}
    RC-Corner PostRoute XCap Factor       : 1 {1 1 1}
    RC-Corner PreRoute Clock Res Factor   : 1	[Derived from postRoute_res (effortLevel low)]
    RC-Corner PreRoute Clock Cap Factor   : 1	[Derived from postRoute_cap (effortLevel low)]
    RC-Corner PostRoute Clock Cap Factor  : 1 {1 1 1} 	[Derived from postRoute_cap (effortLevel low)]
    RC-Corner PostRoute Clock Res Factor  : 1 {1 1 1} 	[Derived from postRoute_res (effortLevel low)]
    RC-Corner PostRoute Clock coupling capacitance Factor : 1 {1 1 1} 
 
 Analysis View: best_case
    RC-Corner Name        : rc_best
    RC-Corner Index       : 1
    RC-Corner Temperature : -40 Celsius
    RC-Corner Cap Table   : '/home/vlsilab/Music/FFT/FFT/6_fft_powerplan/fft_8_top_Powerplan.enc.dat/libs/mmmc/fft.CapTbl'
    RC-Corner PreRoute Res Factor         : 1
    RC-Corner PreRoute Cap Factor         : 1
    RC-Corner PostRoute Res Factor        : 1 {1 1 1}
    RC-Corner PostRoute Cap Factor        : 1 {1 1 1}
    RC-Corner PostRoute XCap Factor       : 1 {1 1 1}
    RC-Corner PreRoute Clock Res Factor   : 1	[Derived from postRoute_res (effortLevel low)]
    RC-Corner PreRoute Clock Cap Factor   : 1	[Derived from postRoute_cap (effortLevel low)]
    RC-Corner PostRoute Clock Cap Factor  : 1 {1 1 1} 	[Derived from postRoute_cap (effortLevel low)]
    RC-Corner PostRoute Clock Res Factor  : 1 {1 1 1} 	[Derived from postRoute_res (effortLevel low)]
    RC-Corner PostRoute Clock coupling capacitance Factor : 1 {1 1 1} 
Updating RC grid for preRoute extraction ...
Initializing multi-corner capacitance tables ... 
Initializing multi-corner resistance tables ...
Start generating vias ..
#Skip building auto via since it is not turned on.
Extracting standard cell pins and blockage ...... 
Pin and blockage extraction finished
Via generation completed.
% Begin Load power constraints ... (date=04/16 19:40:45, mem=1377.3M)
% End Load power constraints ... (date=04/16 19:40:45, total cpu=0:00:00.0, real=0:00:00.0, peak res=1377.4M, current mem=1377.4M)
max_delay min_delay
% Begin load AAE data ... (date=04/16 19:40:45, mem=1434.6M)
% End load AAE data ... (date=04/16 19:40:45, total cpu=0:00:00.0, real=0:00:00.0, peak res=1434.6M, current mem=1434.6M)
Total number of combinational cells: 321
Total number of sequential cells: 203
Total number of tristate cells: 10
Total number of level shifter cells: 0
Total number of power gating cells: 0
Total number of isolation cells: 0
Total number of power switch cells: 0
Total number of pulse generator cells: 0
Total number of always on buffers: 0
Total number of retention cells: 0
List of usable buffers: bufbd7 buffd2 bufbdf buffda buffd3 bufbda buffd4 bufbd4 bufbd1 bufbd3 buffd7 buffd1 bufbd2
Total number of usable buffers: 13
List of unusable buffers:
Total number of unusable buffers: 0
List of usable inverters: inv0d2 inv0da invbda invbdk inv0d1 inv0d7 invbd4 inv0d0 invbd2 inv0d4 invbd7 invbdf
Total number of usable inverters: 12
List of unusable inverters:
Total number of unusable inverters: 0
List of identified usable delay cells: dl04d1 dl03d1 dl02d2 dl03d4 dl04d2 dl02d1 dl01d4 bufbdk dl04d4 dl02d4 dl01d2 dl01d1 dl03d2
Total number of identified usable delay cells: 13
List of identified unusable delay cells:
Total number of identified unusable delay cells: 0
#% End load design ... (date=04/16 19:40:45, total cpu=0:00:03.5, real=0:00:04.0, peak res=1465.1M, current mem=1434.7M)

*** Summary of all messages that are not suppressed in this session:
Severity  ID               Count  Summary                                  
WARNING   IMPLF-200           49  Pin '%s' in macro '%s' has no ANTENNAGAT...
WARNING   IMPFP-3961           4  The techSite '%s' has no related standar...
WARNING   IMPVL-159         1436  Pin '%s' of cell '%s' is defined in LEF ...
WARNING   TECHLIB-604          4  Operating condition library '%s' not fou...
*** Message Summary: 1493 warning(s), 0 error(s)

<CMD> setDrawView fplan
<CMD> encMessage warning 1
Un-suppress "**WARN ..." messages.
<CMD> encMessage debug 0
<CMD> setDrawView place
<CMD> fit
<CMD> setRouteMode -earlyGlobalHonorMsvRouteConstraint false -earlyGlobalRoutePartitionPinGuide true
<CMD> setEndCapMode -reset
<CMD> setEndCapMode -boundary_tap false
<CMD> setNanoRouteMode -quiet -droutePostRouteSpreadWire 1
<CMD> setNanoRouteMode -quiet -timingEngine {}
<CMD> setUsefulSkewMode -noBoundary false -maxAllowedDelay 1
<CMD> setPlaceMode -reset
<CMD> setPlaceMode -congEffort high -timingDriven 1 -clkGateAware 1 -powerDriven 0 -ignoreScan 1 -reorderScan 1 -ignoreSpare 0 -placeIOPins 0 -moduleAwareSpare 0 -preserveRouting 1 -rmAffectedRouting 0 -checkRoute 0 -swapEEQ 0
<CMD> setPlaceMode -fp false
<CMD> place_design
*** placeDesign #1 [begin] : totSession cpu/real = 0:01:04.1/0:04:56.9 (0.2), mem = 1555.7M
*** Starting placeDesign default flow ***
*** Start deleteBufferTree ***
Info: Detect buffers to remove automatically.
Analyzing netlist ...
Updating netlist

*summary: 40 instances (buffers/inverters) removed
*** Finish deleteBufferTree (0:00:00.7) ***
**INFO: Enable pre-place timing setting for timing analysis
Set Using Default Delay Limit as 101.
**WARN: (IMPDC-1629):	The default delay limit was set to 101. This is less than the default of 1000 and may result in inaccurate delay calculation for nets with a fanout higher than the setting.  If needed, the default delay limit may be adjusted by running the command 'set delaycal_use_default_delay_limit'.
Set Default Net Delay as 0 ps.
Set Default Net Load as 0 pF. 
Set Default Input Pin Transition as 1 ps.
**INFO: Analyzing IO path groups for slack adjustment
Effort level <high> specified for reg2reg_tmp.24657 path_group
AAE_INFO: opIsDesignInPostRouteState() is 0
AAE DB initialization (MEM=1686.75 CPU=0:00:00.0 REAL=0:00:00.0) 
#################################################################################
# Design Stage: PreRoute
# Design Name: fft_8_top
# Design Mode: 90nm
# Analysis Mode: MMMC Non-OCV 
# Parasitics Mode: No SPEF/RCDB 
# Signoff Settings: SI Off 
#################################################################################
Calculate delays in BcWc mode...
Start delay calculation (fullDC) (1 T). (MEM=1701.27)
Total number of fetched objects 11482
End delay calculation. (MEM=1846.36 CPU=0:00:01.6 REAL=0:00:01.0)
End delay calculation (fullDC). (MEM=1846.36 CPU=0:00:01.8 REAL=0:00:02.0)
**INFO: Disable pre-place timing setting for timing analysis
Set Using Default Delay Limit as 1000.
Set Default Net Delay as 1000 ps.
Set Default Input Pin Transition as 0.1 ps.
Set Default Net Load as 0.5 pF. 
**INFO: Pre-place timing setting for timing analysis already disabled
Deleted 0 physical inst  (cell - / prefix -).
INFO: #ExclusiveGroups=0
INFO: There are no Exclusive Groups.
*** Starting "NanoPlace(TM) placement v#6 (mem=1828.8M)" ...
*** Build Buffered Sizing Timing Model
(cpu=0:00:01.6 mem=1844.8M) ***
*** Build Virtual Sizing Timing Model
(cpu=0:00:01.7 mem=1844.8M) ***
No user-set net weight.
Net fanout histogram:
2		: 7500 (65.3%) nets
3		: 2745 (23.9%) nets
4     -	14	: 1007 (8.8%) nets
15    -	39	: 219 (1.9%) nets
40    -	79	: 1 (0.0%) nets
80    -	159	: 5 (0.0%) nets
160   -	319	: 2 (0.0%) nets
320   -	639	: 0 (0.0%) nets
640   -	1279	: 0 (0.0%) nets
1280  -	2559	: 1 (0.0%) nets
2560  -	5119	: 0 (0.0%) nets
5120+		: 0 (0.0%) nets
Options: timingDriven clkGateAware ignoreScan pinGuide congEffort=high gpeffort=medium 
**WARN: (IMPSP-9042):	Scan chains were not defined, -place_global_ignore_scan option will be ignored.
Define the scan chains before using this option.
Type 'man IMPSP-9042' for more detail.
#std cell=9141 (0 fixed + 9141 movable) #buf cell=0 #inv cell=1028 #block=0 (0 floating + 0 preplaced)
#ioInst=365 #net=11480 #term=35672 #term/net=3.11, #fixedIo=365, #floatIo=0, #fixedPin=36, #floatPin=0
stdCell: 9141 single + 0 double + 0 multi
Total standard cell length = 60.7426 (mm), area = 0.3402 (mm^2)
Estimated cell power/ground rail width = 0.700 um
Average module density = 0.241.
Density for the design = 0.241.
       = stdcell_area 108469 sites (340159 um^2) / alloc_area 450500 sites (1412768 um^2).
Pin Density = 0.07918.
            = total # of pins 35672 / total area 450500.
=== lastAutoLevel = 9 
Clock gating cells determined by native netlist tracing.
Iteration  1: Total net bbox = 9.153e+04 (4.99e+04 4.16e+04)
              Est.  stn bbox = 1.217e+05 (6.52e+04 5.64e+04)
              cpu = 0:00:00.1 real = 0:00:00.0 mem = 1904.5M
Iteration  2: Total net bbox = 9.153e+04 (4.99e+04 4.16e+04)
              Est.  stn bbox = 1.217e+05 (6.52e+04 5.64e+04)
              cpu = 0:00:00.0 real = 0:00:00.0 mem = 1904.5M
Iteration  3: Total net bbox = 9.527e+04 (5.40e+04 4.13e+04)
              Est.  stn bbox = 1.381e+05 (7.74e+04 6.08e+04)
              cpu = 0:00:00.8 real = 0:00:00.0 mem = 1923.3M
Active setup views:
    worst_case
Iteration  4: Total net bbox = 9.518e+04 (5.56e+04 3.95e+04)
              Est.  stn bbox = 1.379e+05 (7.92e+04 5.86e+04)
              cpu = 0:00:00.8 real = 0:00:01.0 mem = 1923.3M
Iteration  5: Total net bbox = 2.907e+05 (1.28e+05 1.63e+05)
              Est.  stn bbox = 3.685e+05 (1.64e+05 2.04e+05)
              cpu = 0:00:02.1 real = 0:00:02.0 mem = 1923.3M
Iteration  6: Total net bbox = 3.549e+05 (1.76e+05 1.79e+05)
              Est.  stn bbox = 4.488e+05 (2.18e+05 2.30e+05)
              cpu = 0:00:03.0 real = 0:00:03.0 mem = 1926.7M
Iteration  7: Total net bbox = 3.717e+05 (1.92e+05 1.79e+05)
              Est.  stn bbox = 4.660e+05 (2.35e+05 2.31e+05)
              cpu = 0:00:00.2 real = 0:00:00.0 mem = 1940.1M
Iteration  8: Total net bbox = 3.717e+05 (1.92e+05 1.79e+05)
              Est.  stn bbox = 4.660e+05 (2.35e+05 2.31e+05)
              cpu = 0:00:03.2 real = 0:00:03.0 mem = 1940.1M
Iteration  9: Total net bbox = 3.723e+05 (1.89e+05 1.83e+05)
              Est.  stn bbox = 4.735e+05 (2.34e+05 2.39e+05)
              cpu = 0:00:03.1 real = 0:00:03.0 mem = 1940.1M
Iteration 10: Total net bbox = 3.723e+05 (1.89e+05 1.83e+05)
              Est.  stn bbox = 4.735e+05 (2.34e+05 2.39e+05)
              cpu = 0:00:03.2 real = 0:00:03.0 mem = 1940.1M
Iteration 11: Total net bbox = 3.836e+05 (1.96e+05 1.87e+05)
              Est.  stn bbox = 4.881e+05 (2.44e+05 2.44e+05)
              cpu = 0:00:03.4 real = 0:00:04.0 mem = 1940.1M
Iteration 12: Total net bbox = 3.836e+05 (1.96e+05 1.87e+05)
              Est.  stn bbox = 4.881e+05 (2.44e+05 2.44e+05)
              cpu = 0:00:03.2 real = 0:00:03.0 mem = 1940.1M
Iteration 13: Total net bbox = 3.926e+05 (1.95e+05 1.97e+05)
              Est.  stn bbox = 4.925e+05 (2.41e+05 2.52e+05)
              cpu = 0:00:09.3 real = 0:00:09.0 mem = 1940.1M
Iteration 14: Total net bbox = 3.926e+05 (1.95e+05 1.97e+05)
              Est.  stn bbox = 4.925e+05 (2.41e+05 2.52e+05)
              cpu = 0:00:00.0 real = 0:00:00.0 mem = 1940.1M
*** cost = 3.926e+05 (1.95e+05 1.97e+05) (cpu for global=0:00:33.1) real=0:00:34.0***
Info: 2 clock gating cells identified, 0 (on average) moved 0/7
Solver runtime cpu: 0:00:21.3 real: 0:00:21.3
Core Placement runtime cpu: 0:00:22.5 real: 0:00:24.0
**WARN: (IMPSP-9025):	No scan chain specified/traced.
Type 'man IMPSP-9025' for more detail.
*** Starting refinePlace (0:01:45 mem=1940.1M) ***
Total net bbox length = 3.926e+05 (1.955e+05 1.971e+05) (ext = 2.871e+04)
Move report: Detail placement moves 9141 insts, mean move: 2.24 um, max move: 36.98 um 
	Max move on inst (FE_DBTC0_n_12): (979.13, 1041.29) --> (942.16, 1041.28)
	Runtime: CPU: 0:00:01.1 REAL: 0:00:01.0 MEM: 1964.1MB
Summary Report:
Instances move: 9141 (out of 9141 movable)
Instances flipped: 0
Mean displacement: 2.24 um
Max displacement: 36.98 um (Instance: FE_DBTC0_n_12) (979.128, 1041.29) -> (942.16, 1041.28)
	Length: 3 sites, height: 1 rows, site name: CoreSite, cell type: inv0d1
Total net bbox length = 3.748e+05 (1.756e+05 1.992e+05) (ext = 2.872e+04)
Runtime: CPU: 0:00:01.1 REAL: 0:00:01.0 MEM: 1964.1MB
*** Finished refinePlace (0:01:46 mem=1964.1M) ***
*** End of Placement (cpu=0:00:37.6, real=0:00:38.0, mem=1943.1M) ***
default core: bins with density > 0.750 = 16.74 % ( 81 / 484 )
Density distribution unevenness ratio = 64.329%
*** Free Virtual Timing Model ...(mem=1943.1M)
**INFO: Enable pre-place timing setting for timing analysis
Set Using Default Delay Limit as 101.
**WARN: (IMPDC-1629):	The default delay limit was set to 101. This is less than the default of 1000 and may result in inaccurate delay calculation for nets with a fanout higher than the setting.  If needed, the default delay limit may be adjusted by running the command 'set delaycal_use_default_delay_limit'.
Set Default Net Delay as 0 ps.
Set Default Net Load as 0 pF. 
**INFO: Analyzing IO path groups for slack adjustment
Effort level <high> specified for reg2reg_tmp.24657 path_group
AAE_INFO: opIsDesignInPostRouteState() is 0
#################################################################################
# Design Stage: PreRoute
# Design Name: fft_8_top
# Design Mode: 90nm
# Analysis Mode: MMMC Non-OCV 
# Parasitics Mode: No SPEF/RCDB 
# Signoff Settings: SI Off 
#################################################################################
Calculate delays in BcWc mode...
Start delay calculation (fullDC) (1 T). (MEM=1937.12)
Total number of fetched objects 11482
End delay calculation. (MEM=1960.81 CPU=0:00:01.5 REAL=0:00:02.0)
End delay calculation (fullDC). (MEM=1960.81 CPU=0:00:01.8 REAL=0:00:02.0)
**INFO: Disable pre-place timing setting for timing analysis
Set Using Default Delay Limit as 1000.
Set Default Net Delay as 1000 ps.
Set Default Net Load as 0.5 pF. 
Info: Disable timing driven in postCTS congRepair.

Starting congRepair ...
[NR-eGR] Track table information for default rule: 
[NR-eGR] M1 has single uniform track structure
[NR-eGR] M2 has single uniform track structure
[NR-eGR] M3 has single uniform track structure
[NR-eGR] M4 has single uniform track structure
[NR-eGR] M5 has single uniform track structure
[NR-eGR] TOP_M has single uniform track structure
[NR-eGR] Read 3967 PG shapes
[NR-eGR] Read 0 clock shapes
[NR-eGR] Read 0 other shapes
[NR-eGR] #Routing Blockages  : 0
[NR-eGR] #Instance Blockages : 6718
[NR-eGR] #PG Blockages       : 3967
[NR-eGR] #Halo Blockages     : 0
[NR-eGR] #Boundary Blockages : 0
[NR-eGR] #Clock Blockages    : 0
[NR-eGR] #Other Blockages    : 0
[NR-eGR] Num Prerouted Nets = 0  Num Prerouted Wires = 0
[NR-eGR] Read 11480 nets ( ignored 0 )
[NR-eGR] There are 2 clock nets ( 0 with NDR ).
[NR-eGR] ============ Routing rule table ============
[NR-eGR] Rule id: 0  Nets: 11444
[NR-eGR] ========================================
[NR-eGR] 
[NR-eGR] Layer group 1: route 11444 net(s) in layer range [2, 6]
[NR-eGR] Early Global Route overflow of layer group 1: 0.01% H + 0.01% V. EstWL: 4.342632e+05um
[NR-eGR] Congestion Analysis By layer: (blocked Gcells are excluded) 
[NR-eGR]                        OverCon            
[NR-eGR]                         #Gcell     %Gcell
[NR-eGR]        Layer             (1-0)    OverCon
[NR-eGR] ----------------------------------------------
[NR-eGR]      M1 ( 1)         0( 0.00%)   ( 0.00%) 
[NR-eGR]      M2 ( 2)         0( 0.00%)   ( 0.00%) 
[NR-eGR]      M3 ( 3)         0( 0.00%)   ( 0.00%) 
[NR-eGR]      M4 ( 4)         0( 0.00%)   ( 0.00%) 
[NR-eGR]      M5 ( 5)         0( 0.00%)   ( 0.00%) 
[NR-eGR]   TOP_M ( 6)         0( 0.00%)   ( 0.00%) 
[NR-eGR] ----------------------------------------------
[NR-eGR]        Total         0( 0.00%)   ( 0.00%) 
[NR-eGR] 
[NR-eGR] Overflow after Early Global Route 0.00% H + 0.00% V
Early Global Route congestion estimation runtime: 0.24 seconds, mem = 1959.3M
Local HotSpot Analysis: normalized max congestion hotspot area = 0.00, normalized total congestion hotspot area = 0.00 (area is in unit of 4 std-cell row bins)
Skipped repairing congestion.
[NR-eGR]                Length (um)   Vias 
[NR-eGR] ----------------------------------
[NR-eGR]  M1     (1H)             0  35562 
[NR-eGR]  M2     (2V)        228417  51513 
[NR-eGR]  M3     (3H)        209177    642 
[NR-eGR]  M4     (4V)         15663     18 
[NR-eGR]  M5     (5H)          1956      2 
[NR-eGR]  TOP_M  (6V)            10      0 
[NR-eGR] ----------------------------------
[NR-eGR]         Total       455222  87737 
[NR-eGR] --------------------------------------------------------------------------
[NR-eGR] Total half perimeter of net bounding box: 374810um
[NR-eGR] Total length: 455222um, number of vias: 87737
[NR-eGR] --------------------------------------------------------------------------
[NR-eGR] Total eGR-routed clock nets wire length: 19100um, number of vias: 4612
[NR-eGR] --------------------------------------------------------------------------
Early Global Route wiring runtime: 0.21 seconds, mem = 1914.3M
Tdgp not successfully inited but do clear! skip clearing
End of congRepair (cpu=0:00:00.5, real=0:00:01.0)
*** Finishing placeDesign default flow ***
**placeDesign ... cpu = 0: 0:45, real = 0: 0:47, mem = 1906.3M **
Tdgp not successfully inited but do clear! skip clearing

*** Summary of all messages that are not suppressed in this session:
Severity  ID               Count  Summary                                  
WARNING   IMPDC-1629           2  The default delay limit was set to %d. T...
WARNING   IMPSP-9025           1  No scan chain specified/traced.          
WARNING   IMPSP-9042           1  Scan chains were not defined, -place_glo...
*** Message Summary: 4 warning(s), 0 error(s)

*** placeDesign #1 [finish] : cpu/real = 0:00:45.4/0:00:46.4 (1.0), totSession cpu/real = 0:01:49.5/0:05:43.4 (0.3), mem = 1906.3M
<CMD> zoomBox -249.21100 284.34800 2013.77200 1594.78300
<CMD> zoomBox -95.92000 374.77200 1827.61700 1488.64200
<CMD> zoomBox 267.59000 576.42200 1448.88400 1260.47900
<CMD> zoomBox 437.89900 671.23500 1291.38600 1165.46700
<CMD> zoomBox 609.00300 766.68900 1133.15200 1070.21000
<CMD> zoomBox 714.08100 825.31000 1035.97600 1011.71100
<CMD> zoomBox 760.49000 851.20000 993.05800 985.87400
<CMD> zoomBox 801.44800 873.54000 944.27500 956.24700
<CMD> zoomBox 819.53700 883.40600 922.73000 943.16200
<CMD> zoomBox 760.48800 851.19800 993.05900 985.87400
<CMD> zoomBox 477.09300 696.61900 1330.59200 1190.85800
<CMD> zoomBox 232.33200 563.11300 1622.11300 1367.89900
<CMD> zoomBox -348.49000 246.30100 2313.89500 1788.01900
<CMD> zoomBox -815.19900 -8.26700 2869.76400 2125.59900
<CMD> fit
<CMD> redirect -quiet {set honorDomain [getAnalysisMode -honorClockDomains]} > /dev/null
<CMD> timeDesign -preCTS -pathReports -drvReports -slackReports -numPaths 500 -prefix fft_8_top_preCTS -outDir timingReports
AAE DB initialization (MEM=1902.03 CPU=0:00:00.0 REAL=0:00:00.0) 
*** timeDesign #1 [begin] : totSession cpu/real = 0:02:41.5/0:11:22.1 (0.2), mem = 1902.0M
Setting timing_disable_library_data_to_data_checks to 'true'.
Setting timing_disable_user_data_to_data_checks to 'true'.
Start to check current routing status for nets...
**WARN: (IMPTR-2325):	There are 36 nets connecting a pad term to a fterm without geometry and these nets will not be routed. A pad term is a pin of a pad logically connected to a top level module port (fterm). 
Type 'set trPrintIgnoredPadNets <limit>' prior to trialRoute to have it report each net up to <limit>. 
Review the list of nets and verify they do not require a physical route between the pad pin and fterm. Top level fterms connecting to pad pins typically do not require a physical route because the pad pin will connect to signals external to the design.
Type 'man IMPTR-2325' for more detail.
All nets are already routed correctly.
End to check current routing status for nets (mem=1888.0M)
Extraction called for design 'fft_8_top' of instances=9506 and nets=11507 using extraction engine 'preRoute' .
**WARN: (IMPEXT-3530):	The process node is not set. Use the command setDesignMode -process <process node> prior to extraction for maximum accuracy and optimal automatic threshold setting.
Type 'man IMPEXT-3530' for more detail.
PreRoute RC Extraction called for design fft_8_top.
RC Extraction called in multi-corner(2) mode.
RCMode: PreRoute
      RC Corner Indexes            0       1   
Capacitance Scaling Factor   : 1.00000 1.00000 
Resistance Scaling Factor    : 1.00000 1.00000 
Clock Cap. Scaling Factor    : 1.00000 1.00000 
Clock Res. Scaling Factor    : 1.00000 1.00000 
Shrink Factor                : 1.00000
PreRoute extraction is honoring NDR/Shielding/ExtraSpace for clock nets.
Using capacitance table file ...
Updating RC grid for preRoute extraction ...
Initializing multi-corner capacitance tables ... 
Initializing multi-corner resistance tables ...
PreRoute RC Extraction DONE (CPU Time: 0:00:00.2  Real Time: 0:00:01.0  MEM: 1888.031M)
Starting delay calculation for Setup views
AAE_INFO: opIsDesignInPostRouteState() is 0
#################################################################################
# Design Stage: PreRoute
# Design Name: fft_8_top
# Design Mode: 90nm
# Analysis Mode: MMMC Non-OCV 
# Parasitics Mode: No SPEF/RCDB 
# Signoff Settings: SI Off 
#################################################################################
Calculate delays in BcWc mode...
Start delay calculation (fullDC) (1 T). (MEM=1907.33)
Total number of fetched objects 11482
End delay calculation. (MEM=1981.64 CPU=0:00:01.9 REAL=0:00:01.0)
End delay calculation (fullDC). (MEM=1981.64 CPU=0:00:02.3 REAL=0:00:03.0)
*** Done Building Timing Graph (cpu=0:00:02.7 real=0:00:03.0 totSessionCpu=0:02:45 mem=1973.6M)

------------------------------------------------------------------
          timeDesign Summary
------------------------------------------------------------------

Setup views included:
 worst_case 

+--------------------+---------+---------+---------+
|     Setup mode     |   all   | reg2reg | default |
+--------------------+---------+---------+---------+
|           WNS (ns):|  4.619  |  4.619  |  4.921  |
|           TNS (ns):|  0.000  |  0.000  |  0.000  |
|    Violating Paths:|    0    |    0    |    0    |
|          All Paths:|  1644   |  1644   |   512   |
+--------------------+---------+---------+---------+

+----------------+-------------------------------+------------------+
|                |              Real             |       Total      |
|    DRVs        +------------------+------------+------------------|
|                |  Nr nets(terms)  | Worst Vio  |  Nr nets(terms)  |
+----------------+------------------+------------+------------------+
|   max_cap      |     11 (11)      |   -1.077   |     11 (11)      |
|   max_tran     |     16 (16)      |  -28.444   |     16 (16)      |
|   max_fanout   |      4 (4)       |    -36     |      4 (4)       |
|   max_length   |      0 (0)       |     0      |      0 (0)       |
+----------------+------------------+------------+------------------+

Density: 24.077%
Routing Overflow: 0.00% H and 0.00% V
------------------------------------------------------------------
Reported timing to dir timingReports
Total CPU time: 4.9 sec
Total Real time: 7.0 sec
Total Memory Usage: 1947.058594 Mbytes
*** timeDesign #1 [finish] : cpu/real = 0:00:04.9/0:00:06.2 (0.8), totSession cpu/real = 0:02:46.4/0:11:28.3 (0.2), mem = 1947.1M
<CMD> setOptMode -fixCap true -fixTran true -fixFanoutLoad false
<CMD> optDesign -preCTS
Executing: place_opt_design -opt
**INFO: User settings:
setExtractRCMode -engine                            preRoute
setUsefulSkewMode -maxAllowedDelay                  1
setUsefulSkewMode -noBoundary                       false
setDelayCalMode -enable_high_fanout                 true
setDelayCalMode -engine                             aae
setDelayCalMode -ignoreNetLoad                      false
setDelayCalMode -socv_accuracy_mode                 low
setOptMode -fixCap                                  true
setOptMode -fixFanoutLoad                           false
setOptMode -fixTran                                 true
setPlaceMode -place_design_floorplan_mode           false
setPlaceMode -place_detail_check_route              false
setPlaceMode -place_detail_preserve_routing         true
setPlaceMode -place_detail_remove_affected_routing  false
setPlaceMode -place_detail_swap_eeq_cells           false
setPlaceMode -place_global_clock_gate_aware         true
setPlaceMode -place_global_cong_effort              high
setPlaceMode -place_global_ignore_scan              true
setPlaceMode -place_global_ignore_spare             false
setPlaceMode -place_global_module_aware_spare       false
setPlaceMode -place_global_place_io_pins            false
setPlaceMode -place_global_reorder_scan             true
setPlaceMode -powerDriven                           false
setPlaceMode -timingDriven                          true
setAnalysisMode -analysisType                       bcwc
setAnalysisMode -checkType                          setup
setAnalysisMode -clkSrcPath                         true
setAnalysisMode -clockPropagation                   forcedIdeal
setAnalysisMode -virtualIPO                         false
setRouteMode -earlyGlobalHonorMsvRouteConstraint    false
setRouteMode -earlyGlobalRoutePartitionPinGuide     true

*** place_opt_design #1 [begin] : totSession cpu/real = 0:02:59.6/0:12:55.3 (0.2), mem = 1959.4M
No user sequential activity specified, applying default sequential activity of "0.2" for Dynamic Power reporting.
'set_default_switching_activity' finished successfully.
*** Starting GigaPlace ***
*** GlobalPlace #1 [begin] (place_opt_design #1) : totSession cpu/real = 0:02:59.7/0:12:55.4 (0.2), mem = 1947.4M
*** GlobalPlace #1 [finish] (place_opt_design #1) : cpu/real = 0:00:00.0/0:00:00.0 (0.0), totSession cpu/real = 0:02:59.7/0:12:55.4 (0.2), mem = 1947.4M
Enable CTE adjustment.
**optDesign ... cpu = 0:00:00, real = 0:00:00, mem = 1742.6M, totSessionCpu=0:03:00 **
GigaOpt running with 1 threads.
*** InitOpt #1 [begin] (place_opt_design #1) : totSession cpu/real = 0:02:59.7/0:12:55.5 (0.2), mem = 1947.4M
**INFO: setDesignMode -flowEffort standard -> setting 'setOptMode -allEndPoints true' for the duration of this command.
**optDesign ... cpu = 0:00:02, real = 0:00:01, mem = 1750.6M, totSessionCpu=0:03:01 **
*** optDesign -preCTS ***
DRC Margin: user margin 0.0; extra margin 0.2
Setup Target Slack: user slack 0; extra slack 0.0
Hold Target Slack: user slack 0
Multi-VT timing optimization disabled based on library information.
[NR-eGR] Started Early Global Route kernel ( Curr Mem: 1969.40 MB )
[NR-eGR] Track table information for default rule: 
[NR-eGR] M1 has single uniform track structure
[NR-eGR] M2 has single uniform track structure
[NR-eGR] M3 has single uniform track structure
[NR-eGR] M4 has single uniform track structure
[NR-eGR] M5 has single uniform track structure
[NR-eGR] TOP_M has single uniform track structure
[NR-eGR] Read 3967 PG shapes
[NR-eGR] Read 0 clock shapes
[NR-eGR] Read 0 other shapes
[NR-eGR] #Routing Blockages  : 0
[NR-eGR] #Instance Blockages : 6718
[NR-eGR] #PG Blockages       : 3967
[NR-eGR] #Halo Blockages     : 0
[NR-eGR] #Boundary Blockages : 0
[NR-eGR] #Clock Blockages    : 0
[NR-eGR] #Other Blockages    : 0
[NR-eGR] Num Prerouted Nets = 0  Num Prerouted Wires = 0
[NR-eGR] Read 11480 nets ( ignored 0 )
[NR-eGR] There are 2 clock nets ( 0 with NDR ).
[NR-eGR] ============ Routing rule table ============
[NR-eGR] Rule id: 0  Nets: 11444
[NR-eGR] ========================================
[NR-eGR] 
[NR-eGR] Layer group 1: route 11444 net(s) in layer range [2, 6]
[NR-eGR] Early Global Route overflow of layer group 1: 0.01% H + 0.01% V. EstWL: 4.375000e+05um
[NR-eGR] Congestion Analysis By layer: (blocked Gcells are excluded) 
[NR-eGR]                        OverCon            
[NR-eGR]                         #Gcell     %Gcell
[NR-eGR]        Layer             (1-0)    OverCon
[NR-eGR] ----------------------------------------------
[NR-eGR]      M1 ( 1)         0( 0.00%)   ( 0.00%) 
[NR-eGR]      M2 ( 2)         0( 0.00%)   ( 0.00%) 
[NR-eGR]      M3 ( 3)         0( 0.00%)   ( 0.00%) 
[NR-eGR]      M4 ( 4)         0( 0.00%)   ( 0.00%) 
[NR-eGR]      M5 ( 5)         0( 0.00%)   ( 0.00%) 
[NR-eGR]   TOP_M ( 6)         0( 0.00%)   ( 0.00%) 
[NR-eGR] ----------------------------------------------
[NR-eGR]        Total         0( 0.00%)   ( 0.00%) 
[NR-eGR] 
[NR-eGR] Overflow after Early Global Route 0.00% H + 0.00% V
[NR-eGR]                Length (um)   Vias 
[NR-eGR] ----------------------------------
[NR-eGR]  M1     (1H)             0  35562 
[NR-eGR]  M2     (2V)        229722  51401 
[NR-eGR]  M3     (3H)        209571    699 
[NR-eGR]  M4     (4V)         16524     38 
[NR-eGR]  M5     (5H)          2510      2 
[NR-eGR]  TOP_M  (6V)            10      0 
[NR-eGR] ----------------------------------
[NR-eGR]         Total       458337  87702 
[NR-eGR] --------------------------------------------------------------------------
[NR-eGR] Total half perimeter of net bounding box: 374811um
[NR-eGR] Total length: 458337um, number of vias: 87702
[NR-eGR] --------------------------------------------------------------------------
[NR-eGR] Total eGR-routed clock nets wire length: 20281um, number of vias: 4614
[NR-eGR] --------------------------------------------------------------------------
[NR-eGR] Finished Early Global Route kernel ( CPU: 0.53 sec, Real: 0.54 sec, Curr Mem: 1971.22 MB )
Extraction called for design 'fft_8_top' of instances=9506 and nets=11507 using extraction engine 'preRoute' .
**WARN: (IMPEXT-3530):	The process node is not set. Use the command setDesignMode -process <process node> prior to extraction for maximum accuracy and optimal automatic threshold setting.
Type 'man IMPEXT-3530' for more detail.
PreRoute RC Extraction called for design fft_8_top.
RC Extraction called in multi-corner(2) mode.
RCMode: PreRoute
      RC Corner Indexes            0       1   
Capacitance Scaling Factor   : 1.00000 1.00000 
Resistance Scaling Factor    : 1.00000 1.00000 
Clock Cap. Scaling Factor    : 1.00000 1.00000 
Clock Res. Scaling Factor    : 1.00000 1.00000 
Shrink Factor                : 1.00000
PreRoute extraction is honoring NDR/Shielding/ExtraSpace for clock nets.
Using capacitance table file ...
Updating RC grid for preRoute extraction ...
Initializing multi-corner capacitance tables ... 
Initializing multi-corner resistance tables ...
PreRoute RC Extraction DONE (CPU Time: 0:00:00.2  Real Time: 0:00:01.0  MEM: 1963.223M)
Starting delay calculation for Setup views
AAE_INFO: opIsDesignInPostRouteState() is 0
#################################################################################
# Design Stage: PreRoute
# Design Name: fft_8_top
# Design Mode: 90nm
# Analysis Mode: MMMC Non-OCV 
# Parasitics Mode: No SPEF/RCDB 
# Signoff Settings: SI Off 
#################################################################################
Calculate delays in BcWc mode...
Start delay calculation (fullDC) (1 T). (MEM=1978.76)
Total number of fetched objects 11482
End delay calculation. (MEM=1995.2 CPU=0:00:01.9 REAL=0:00:02.0)
End delay calculation (fullDC). (MEM=1995.2 CPU=0:00:02.2 REAL=0:00:02.0)
*** Done Building Timing Graph (cpu=0:00:03.0 real=0:00:03.0 totSessionCpu=0:03:07 mem=1995.2M)

------------------------------------------------------------------
             Initial Summary
------------------------------------------------------------------

Setup views included:
 worst_case 

+--------------------+---------+
|     Setup mode     |   all   |
+--------------------+---------+
|           WNS (ns):|  4.539  |
|           TNS (ns):|  0.000  |
|    Violating Paths:|    0    |
|          All Paths:|  1644   |
+--------------------+---------+

+----------------+-------------------------------+------------------+
|                |              Real             |       Total      |
|    DRVs        +------------------+------------+------------------|
|                |  Nr nets(terms)  | Worst Vio  |  Nr nets(terms)  |
+----------------+------------------+------------+------------------+
|   max_cap      |     11 (11)      |   -1.093   |     11 (11)      |
|   max_tran     |     16 (16)      |  -28.761   |     16 (16)      |
|   max_fanout   |      4 (4)       |    -36     |      4 (4)       |
|   max_length   |      0 (0)       |     0      |      0 (0)       |
+----------------+------------------+------------+------------------+

Density: 24.077%
------------------------------------------------------------------
**optDesign ... cpu = 0:00:07, real = 0:00:07, mem = 1760.3M, totSessionCpu=0:03:07 **
*** InitOpt #1 [finish] (place_opt_design #1) : cpu/real = 0:00:07.0/0:00:07.0 (1.0), totSession cpu/real = 0:03:06.7/0:13:02.5 (0.2), mem = 1966.5M
** INFO : this run is activating medium effort placeOptDesign flow
*** Starting optimizing excluded clock nets MEM= 1966.5M) ***
*info: No excluded clock nets to be optimized.
*** Finished optimizing excluded clock nets (CPU Time= 0:00:00.0  MEM= 1966.5M) ***
Begin: GigaOpt Route Type Constraints Refinement
*** CongRefineRouteType #1 [begin] (place_opt_design #1) : totSession cpu/real = 0:03:06.9/0:13:02.6 (0.2), mem = 1966.5M
Updated routing constraints on 0 nets.
Bottom Preferred Layer:
    None
Via Pillar Rule:
    None
*** CongRefineRouteType #1 [finish] (place_opt_design #1) : cpu/real = 0:00:00.3/0:00:00.3 (1.0), totSession cpu/real = 0:03:07.2/0:13:02.9 (0.2), mem = 2083.6M
End: GigaOpt Route Type Constraints Refinement
The useful skew maximum allowed delay set by user is: 1
*** SimplifyNetlist #1 [begin] (place_opt_design #1) : totSession cpu/real = 0:03:07.5/0:13:03.2 (0.2), mem = 2028.6M
Info: 36 io nets excluded
Info: 3 clock nets excluded from IPO operation.

Footprint cell information for calculating maxBufDist
*info: There are 13 candidate Buffer cells
*info: There are 11 candidate Inverter cells


Netlist preparation processing... 
Removed 0 instance
*info: Marking 0 isolation instances dont touch
*info: Marking 0 level shifter instances dont touch
*** SimplifyNetlist #1 [finish] (place_opt_design #1) : cpu/real = 0:00:02.3/0:00:02.3 (1.0), totSession cpu/real = 0:03:09.8/0:13:05.5 (0.2), mem = 2049.5M
Begin: GigaOpt high fanout net optimization
*** DrvOpt #1 [begin] (place_opt_design #1) : totSession cpu/real = 0:03:09.9/0:13:05.7 (0.2), mem = 2049.5M
Info: 36 io nets excluded
Info: 3 clock nets excluded from IPO operation.
*** DrvOpt #1 [finish] (place_opt_design #1) : cpu/real = 0:00:01.9/0:00:01.9 (1.0), totSession cpu/real = 0:03:11.9/0:13:07.6 (0.2), mem = 2049.6M
End: GigaOpt high fanout net optimization
Begin: GigaOpt DRV Optimization
*** DrvOpt #2 [begin] (place_opt_design #1) : totSession cpu/real = 0:03:11.9/0:13:07.6 (0.2), mem = 2049.6M
Info: 36 io nets excluded
Info: 3 clock nets excluded from IPO operation.
+-------------------------------------------------------------------------------------------------------------------------------------------------------+
|        max-tran       |        max-cap        |  max-fanout |  max-length |       setup       |        |        |        |       |          |         |
+-------------------------------------------------------------------------------------------------------------------------------------------------------+
| nets | terms|  wViol  | nets | terms|  wViol  | nets | terms| nets | terms|   WNS   |   TNS   |  #Buf  |  #Inv  | #Resize|Density|   Real   |   Mem   |
+-------------------------------------------------------------------------------------------------------------------------------------------------------+
|    38|    38|   -29.36|    16|    16|    -1.12|     4|     4|     0|     0|     4.54|     0.00|       0|       0|       0| 24.08%|          |         |
|     0|     0|     0.00|     0|     0|     0.00|     0|     0|     0|     0|     4.95|     0.00|      44|       0|       8| 24.12%| 0:00:02.0|  2140.5M|
|     0|     0|     0.00|     0|     0|     0.00|     0|     0|     0|     0|     4.95|     0.00|       0|       0|       0| 24.12%| 0:00:00.0|  2140.5M|
+-------------------------------------------------------------------------------------------------------------------------------------------------------+
Bottom Preferred Layer:
    None
Via Pillar Rule:
    None

*** Finish DRV Fixing (cpu=0:00:01.2 real=0:00:02.0 mem=2140.5M) ***

*** DrvOpt #2 [finish] (place_opt_design #1) : cpu/real = 0:00:01.7/0:00:01.7 (1.0), totSession cpu/real = 0:03:13.6/0:13:09.3 (0.2), mem = 2060.4M
End: GigaOpt DRV Optimization
**optDesign ... cpu = 0:00:14, real = 0:00:14, mem = 1832.4M, totSessionCpu=0:03:14 **

Active setup views:
 worst_case
  Dominating endpoints: 0
  Dominating TNS: -0.000

Begin: GigaOpt Global Optimization
*info: use new DP (enabled)
Info: 36 io nets excluded
Info: 3 clock nets excluded from IPO operation.
*** GlobalOpt #1 [begin] (place_opt_design #1) : totSession cpu/real = 0:03:13.7/0:13:09.4 (0.2), mem = 2098.6M
*info: 36 io nets excluded
*info: 3 clock nets excluded
*info: 21 no-driver nets excluded.
** GigaOpt Global Opt WNS Slack 0.000  TNS Slack 0.000 
+--------+--------+---------+------------+--------+----------+---------+-----------------------------+
|  WNS   |  TNS   | Density |    Real    |  Mem   |Worst View|Pathgroup|          End Point          |
+--------+--------+---------+------------+--------+----------+---------+-----------------------------+
|   0.000|   0.000|   24.12%|   0:00:00.0| 2117.6M|worst_case|       NA| NA                          |
+--------+--------+---------+------------+--------+----------+---------+-----------------------------+

*** Finish pre-CTS Global Setup Fixing (cpu=0:00:00.0 real=0:00:00.0 mem=2117.6M) ***

*** Finish pre-CTS Setup Fixing (cpu=0:00:00.0 real=0:00:00.0 mem=2117.6M) ***
Bottom Preferred Layer:
    None
Via Pillar Rule:
    None
** GigaOpt Global Opt End WNS Slack 0.000  TNS Slack 0.000 
*** GlobalOpt #1 [finish] (place_opt_design #1) : cpu/real = 0:00:02.1/0:00:02.1 (1.0), totSession cpu/real = 0:03:15.8/0:13:11.5 (0.2), mem = 2058.6M
End: GigaOpt Global Optimization
*** Timing Is met
*** Check timing (0:00:00.0)
Info: 36 io nets excluded
Info: 3 clock nets excluded from IPO operation.
Begin: Area Reclaim Optimization
*** AreaOpt #1 [begin] (place_opt_design #1) : totSession cpu/real = 0:03:15.9/0:13:11.7 (0.2), mem = 2115.8M
Reclaim Optimization WNS Slack 0.000  TNS Slack 0.000 Density 24.12
+---------+---------+--------+--------+------------+--------+
| Density | Commits |  WNS   |  TNS   |    Real    |  Mem   |
+---------+---------+--------+--------+------------+--------+
|   24.12%|        -|   0.000|   0.000|   0:00:00.0| 2117.8M|
|   24.12%|        0|   0.000|   0.000|   0:00:00.0| 2119.3M|
|   24.12%|        0|   0.000|   0.000|   0:00:00.0| 2119.3M|
|   24.06%|       10|   0.000|   0.000|   0:00:01.0| 2142.9M|
|   24.04%|       68|   0.000|   0.000|   0:00:01.0| 2142.9M|
|   24.04%|        0|   0.000|   0.000|   0:00:00.0| 2142.9M|
|   24.04%|        0|   0.000|   0.000|   0:00:00.0| 2142.9M|
+---------+---------+--------+--------+------------+--------+
Reclaim Optimization End WNS Slack 0.000  TNS Slack 0.000 Density 24.04
Bottom Preferred Layer:
    None
Via Pillar Rule:
    None

Number of times islegalLocAvaiable called = 0 skipped = 0, called in commitmove = 0, skipped in commitmove = 0
End: Core Area Reclaim Optimization (cpu = 0:00:03.8) (real = 0:00:04.0) **
*** AreaOpt #1 [finish] (place_opt_design #1) : cpu/real = 0:00:03.8/0:00:03.8 (1.0), totSession cpu/real = 0:03:19.7/0:13:15.5 (0.3), mem = 2142.9M
Executing incremental physical updates
Executing incremental physical updates
End: Area Reclaim Optimization (cpu=0:00:04, real=0:00:04, mem=2062.82M, totSessionCpu=0:03:20).
*** IncrReplace #1 [begin] (place_opt_design #1) : totSession cpu/real = 0:03:19.9/0:13:15.7 (0.3), mem = 2062.8M

*** Start incrementalPlace ***
No Views given, use default active views for adaptive view pruning
SKP will enable view:
  worst_case
[NR-eGR] Track table information for default rule: 
[NR-eGR] M1 has single uniform track structure
[NR-eGR] M2 has single uniform track structure
[NR-eGR] M3 has single uniform track structure
[NR-eGR] M4 has single uniform track structure
[NR-eGR] M5 has single uniform track structure
[NR-eGR] TOP_M has single uniform track structure
[NR-eGR] Read 3967 PG shapes
[NR-eGR] Read 0 clock shapes
[NR-eGR] Read 0 other shapes
[NR-eGR] #Routing Blockages  : 0
[NR-eGR] #Instance Blockages : 6718
[NR-eGR] #PG Blockages       : 3967
[NR-eGR] #Halo Blockages     : 0
[NR-eGR] #Boundary Blockages : 0
[NR-eGR] #Clock Blockages    : 0
[NR-eGR] #Other Blockages    : 0
[NR-eGR] Num Prerouted Nets = 0  Num Prerouted Wires = 0
[NR-eGR] Read 11496 nets ( ignored 0 )
[NR-eGR] There are 2 clock nets ( 0 with NDR ).
[NR-eGR] ============ Routing rule table ============
[NR-eGR] Rule id: 0  Nets: 11460
[NR-eGR] ========================================
[NR-eGR] 
[NR-eGR] Layer group 1: route 11460 net(s) in layer range [2, 6]
[NR-eGR] Early Global Route overflow of layer group 1: 0.01% H + 0.01% V. EstWL: 4.347560e+05um
[NR-eGR] Congestion Analysis By layer: (blocked Gcells are excluded) 
[NR-eGR]                        OverCon            
[NR-eGR]                         #Gcell     %Gcell
[NR-eGR]        Layer             (1-0)    OverCon
[NR-eGR] ----------------------------------------------
[NR-eGR]      M1 ( 1)         0( 0.00%)   ( 0.00%) 
[NR-eGR]      M2 ( 2)         0( 0.00%)   ( 0.00%) 
[NR-eGR]      M3 ( 3)         0( 0.00%)   ( 0.00%) 
[NR-eGR]      M4 ( 4)         0( 0.00%)   ( 0.00%) 
[NR-eGR]      M5 ( 5)         0( 0.00%)   ( 0.00%) 
[NR-eGR]   TOP_M ( 6)         0( 0.00%)   ( 0.00%) 
[NR-eGR] ----------------------------------------------
[NR-eGR]        Total         0( 0.00%)   ( 0.00%) 
[NR-eGR] 
[NR-eGR] Overflow after Early Global Route 0.00% H + 0.00% V
Early Global Route congestion estimation runtime: 0.24 seconds, mem = 2087.9M
Local HotSpot Analysis: normalized max congestion hotspot area = 0.00, normalized total congestion hotspot area = 0.00 (area is in unit of 4 std-cell row bins)

=== incrementalPlace Internal Loop 1 ===
*** Finished SKP initialization (cpu=0:00:01.1, real=0:00:01.0)***
Iteration  7: Total net bbox = 3.331e+05 (1.59e+05 1.74e+05)
              Est.  stn bbox = 4.325e+05 (2.03e+05 2.30e+05)
              cpu = 0:00:04.7 real = 0:00:05.0 mem = 2121.6M
Iteration  8: Total net bbox = 3.505e+05 (1.69e+05 1.81e+05)
              Est.  stn bbox = 4.534e+05 (2.15e+05 2.38e+05)
              cpu = 0:00:13.8 real = 0:00:14.0 mem = 2115.6M
Iteration  9: Total net bbox = 3.649e+05 (1.77e+05 1.88e+05)
              Est.  stn bbox = 4.692e+05 (2.23e+05 2.46e+05)
              cpu = 0:00:30.6 real = 0:00:31.0 mem = 2125.6M
Iteration 10: Total net bbox = 3.992e+05 (1.96e+05 2.03e+05)
              Est.  stn bbox = 5.025e+05 (2.43e+05 2.60e+05)
              cpu = 0:00:21.0 real = 0:00:21.0 mem = 2141.7M
Iteration 11: Total net bbox = 3.735e+05 (1.73e+05 2.00e+05)
              Est.  stn bbox = 4.732e+05 (2.17e+05 2.57e+05)
              cpu = 0:00:04.4 real = 0:00:04.0 mem = 2129.7M
Move report: Timing Driven Placement moves 9171 insts, mean move: 20.45 um, max move: 85.89 um 
	Max move on inst (u_fft_1/csa_tree_multiply_101_2_add_35_28_groupi_g942): (1300.00, 918.08) --> (1281.33, 985.30)

Finished Incremental Placement (cpu=0:01:17, real=0:01:17, mem=2129.7M)
**WARN: (IMPSP-9025):	No scan chain specified/traced.
Type 'man IMPSP-9025' for more detail.
*** Starting refinePlace (0:04:37 mem=2129.7M) ***
Total net bbox length = 3.940e+05 (1.919e+05 2.021e+05) (ext = 2.893e+04)
Move report: Detail placement moves 9171 insts, mean move: 1.43 um, max move: 32.83 um 
	Max move on inst (u_fft_1/csa_tree_multiply_101_2_add_35_28_groupi_g928): (1294.64, 867.65) --> (1327.44, 867.68)
	Runtime: CPU: 0:00:00.9 REAL: 0:00:01.0 MEM: 2129.7MB
Summary Report:
Instances move: 9171 (out of 9171 movable)
Instances flipped: 0
Mean displacement: 1.43 um
Max displacement: 32.83 um (Instance: u_fft_1/csa_tree_multiply_101_2_add_35_28_groupi_g928) (1294.64, 867.654) -> (1327.44, 867.68)
	Length: 3 sites, height: 1 rows, site name: CoreSite, cell type: inv0d1
Total net bbox length = 3.767e+05 (1.729e+05 2.038e+05) (ext = 2.891e+04)
Runtime: CPU: 0:00:01.0 REAL: 0:00:01.0 MEM: 2129.7MB
*** Finished refinePlace (0:04:38 mem=2129.7M) ***
[NR-eGR] Track table information for default rule: 
[NR-eGR] M1 has single uniform track structure
[NR-eGR] M2 has single uniform track structure
[NR-eGR] M3 has single uniform track structure
[NR-eGR] M4 has single uniform track structure
[NR-eGR] M5 has single uniform track structure
[NR-eGR] TOP_M has single uniform track structure
[NR-eGR] Read 3967 PG shapes
[NR-eGR] Read 0 clock shapes
[NR-eGR] Read 0 other shapes
[NR-eGR] #Routing Blockages  : 0
[NR-eGR] #Instance Blockages : 6718
[NR-eGR] #PG Blockages       : 3967
[NR-eGR] #Halo Blockages     : 0
[NR-eGR] #Boundary Blockages : 0
[NR-eGR] #Clock Blockages    : 0
[NR-eGR] #Other Blockages    : 0
[NR-eGR] Num Prerouted Nets = 0  Num Prerouted Wires = 0
[NR-eGR] Read 11496 nets ( ignored 0 )
[NR-eGR] There are 2 clock nets ( 0 with NDR ).
[NR-eGR] ============ Routing rule table ============
[NR-eGR] Rule id: 0  Nets: 11460
[NR-eGR] ========================================
[NR-eGR] 
[NR-eGR] Layer group 1: route 11460 net(s) in layer range [2, 6]
[NR-eGR] Early Global Route overflow of layer group 1: 0.01% H + 0.01% V. EstWL: 4.314688e+05um
[NR-eGR] Congestion Analysis By layer: (blocked Gcells are excluded) 
[NR-eGR]                        OverCon            
[NR-eGR]                         #Gcell     %Gcell
[NR-eGR]        Layer               (1)    OverCon
[NR-eGR] ----------------------------------------------
[NR-eGR]      M1 ( 1)         0( 0.00%)   ( 0.00%) 
[NR-eGR]      M2 ( 2)         0( 0.00%)   ( 0.00%) 
[NR-eGR]      M3 ( 3)         0( 0.00%)   ( 0.00%) 
[NR-eGR]      M4 ( 4)         1( 0.00%)   ( 0.00%) 
[NR-eGR]      M5 ( 5)         0( 0.00%)   ( 0.00%) 
[NR-eGR]   TOP_M ( 6)         0( 0.00%)   ( 0.00%) 
[NR-eGR] ----------------------------------------------
[NR-eGR]        Total         1( 0.00%)   ( 0.00%) 
[NR-eGR] 
[NR-eGR] Overflow after Early Global Route 0.00% H + 0.00% V
Early Global Route congestion estimation runtime: 0.24 seconds, mem = 2126.6M
Local HotSpot Analysis: normalized max congestion hotspot area = 0.00, normalized total congestion hotspot area = 0.00 (area is in unit of 4 std-cell row bins)
[NR-eGR]                Length (um)   Vias 
[NR-eGR] ----------------------------------
[NR-eGR]  M1     (1H)             0  35580 
[NR-eGR]  M2     (2V)        224711  51151 
[NR-eGR]  M3     (3H)        203340    978 
[NR-eGR]  M4     (4V)         21693     56 
[NR-eGR]  M5     (5H)          3065      2 
[NR-eGR]  TOP_M  (6V)           422      0 
[NR-eGR] ----------------------------------
[NR-eGR]         Total       453230  87767 
[NR-eGR] --------------------------------------------------------------------------
[NR-eGR] Total half perimeter of net bounding box: 376666um
[NR-eGR] Total length: 453230um, number of vias: 87767
[NR-eGR] --------------------------------------------------------------------------
[NR-eGR] Total eGR-routed clock nets wire length: 18844um, number of vias: 4606
[NR-eGR] --------------------------------------------------------------------------
Early Global Route wiring runtime: 0.22 seconds, mem = 2116.6M
0 delay mode for cte disabled.

*** Finished incrementalPlace (cpu=0:01:19, real=0:01:19)***
Start to check current routing status for nets...
All nets are already routed correctly.
End to check current routing status for nets (mem=2095.6M)
Extraction called for design 'fft_8_top' of instances=9536 and nets=11523 using extraction engine 'preRoute' .
**WARN: (IMPEXT-3530):	The process node is not set. Use the command setDesignMode -process <process node> prior to extraction for maximum accuracy and optimal automatic threshold setting.
Type 'man IMPEXT-3530' for more detail.
PreRoute RC Extraction called for design fft_8_top.
RC Extraction called in multi-corner(2) mode.
RCMode: PreRoute
      RC Corner Indexes            0       1   
Capacitance Scaling Factor   : 1.00000 1.00000 
Resistance Scaling Factor    : 1.00000 1.00000 
Clock Cap. Scaling Factor    : 1.00000 1.00000 
Clock Res. Scaling Factor    : 1.00000 1.00000 
Shrink Factor                : 1.00000
PreRoute extraction is honoring NDR/Shielding/ExtraSpace for clock nets.
Using capacitance table file ...
Updating RC grid for preRoute extraction ...
Initializing multi-corner capacitance tables ... 
Initializing multi-corner resistance tables ...
PreRoute RC Extraction DONE (CPU Time: 0:00:00.2  Real Time: 0:00:00.0  MEM: 2095.629M)
Compute RC Scale Done ...
**optDesign ... cpu = 0:01:39, real = 0:01:39, mem = 1826.5M, totSessionCpu=0:04:39 **
AAE_INFO: opIsDesignInPostRouteState() is 0
#################################################################################
# Design Stage: PreRoute
# Design Name: fft_8_top
# Design Mode: 90nm
# Analysis Mode: MMMC Non-OCV 
# Parasitics Mode: No SPEF/RCDB 
# Signoff Settings: SI Off 
#################################################################################
Calculate delays in BcWc mode...
Start delay calculation (fullDC) (1 T). (MEM=2103.25)
Total number of fetched objects 11498
End delay calculation. (MEM=2111.68 CPU=0:00:01.9 REAL=0:00:02.0)
End delay calculation (fullDC). (MEM=2111.68 CPU=0:00:02.2 REAL=0:00:02.0)
*** IncrReplace #1 [finish] (place_opt_design #1) : cpu/real = 0:01:22.1/0:01:22.3 (1.0), totSession cpu/real = 0:04:42.0/0:14:38.0 (0.3), mem = 2111.7M
*** Timing Is met
*** Check timing (0:00:00.0)
*** Timing Is met
*** Check timing (0:00:00.0)
Info: 36 io nets excluded
Info: 3 clock nets excluded from IPO operation.
Begin: Area Reclaim Optimization
*** AreaOpt #2 [begin] (place_opt_design #1) : totSession cpu/real = 0:04:42.5/0:14:38.4 (0.3), mem = 2146.8M
Reclaim Optimization WNS Slack 0.000  TNS Slack 0.000 Density 24.04
+---------+---------+--------+--------+------------+--------+
| Density | Commits |  WNS   |  TNS   |    Real    |  Mem   |
+---------+---------+--------+--------+------------+--------+
|   24.04%|        -|   0.000|   0.000|   0:00:00.0| 2162.8M|
|   24.04%|        5|   0.000|   0.000|   0:00:05.0| 2275.1M|
+---------+---------+--------+--------+------------+--------+
Reclaim Optimization End WNS Slack 0.000  TNS Slack 0.000 Density 24.04
Bottom Preferred Layer:
    None
Via Pillar Rule:
    None

Number of times islegalLocAvaiable called = 0 skipped = 0, called in commitmove = 0, skipped in commitmove = 0
End: Core Area Reclaim Optimization (cpu = 0:00:04.8) (real = 0:00:05.0) **
*** AreaOpt #2 [finish] (place_opt_design #1) : cpu/real = 0:00:04.8/0:00:04.8 (1.0), totSession cpu/real = 0:04:47.3/0:14:43.3 (0.3), mem = 2275.1M
End: Area Reclaim Optimization (cpu=0:00:05, real=0:00:05, mem=2107.07M, totSessionCpu=0:04:47).
Info: 36 io nets excluded
Info: 3 clock nets excluded from IPO operation.
Begin: Area Reclaim Optimization
*** AreaOpt #3 [begin] (place_opt_design #1) : totSession cpu/real = 0:04:47.5/0:14:43.4 (0.3), mem = 2164.3M
Reclaim Optimization WNS Slack 0.000  TNS Slack 0.000 Density 24.04
+---------+---------+--------+--------+------------+--------+
| Density | Commits |  WNS   |  TNS   |    Real    |  Mem   |
+---------+---------+--------+--------+------------+--------+
|   24.04%|        -|   0.000|   0.000|   0:00:00.0| 2164.3M|
|   24.04%|        0|   0.000|   0.000|   0:00:00.0| 2164.3M|
|   24.04%|        0|   0.000|   0.000|   0:00:00.0| 2164.3M|
|   24.04%|        3|   0.000|   0.000|   0:00:00.0| 2188.9M|
|   24.04%|        0|   0.000|   0.000|   0:00:01.0| 2188.9M|
|   24.04%|        0|   0.000|   0.000|   0:00:00.0| 2188.9M|
+---------+---------+--------+--------+------------+--------+
Reclaim Optimization End WNS Slack 0.000  TNS Slack 0.000 Density 24.04
Bottom Preferred Layer:
    None
Via Pillar Rule:
    None

Number of times islegalLocAvaiable called = 3 skipped = 0, called in commitmove = 3, skipped in commitmove = 0
End: Core Area Reclaim Optimization (cpu = 0:00:00.9) (real = 0:00:01.0) **
*** Starting refinePlace (0:04:48 mem=2188.9M) ***
Total net bbox length = 3.748e+05 (1.729e+05 2.019e+05) (ext = 2.891e+04)
Move report: Detail placement moves 10 insts, mean move: 6.61 um, max move: 13.44 um 
	Max move on inst (g24750): (1076.56, 890.08) --> (1074.32, 901.28)
	Runtime: CPU: 0:00:00.2 REAL: 0:00:00.0 MEM: 2192.0MB
Summary Report:
Instances move: 10 (out of 9166 movable)
Instances flipped: 0
Mean displacement: 6.61 um
Max displacement: 13.44 um (Instance: g24750) (1076.56, 890.08) -> (1074.32, 901.28)
	Length: 6 sites, height: 1 rows, site name: CoreSite, cell type: aon211d1
Total net bbox length = 3.749e+05 (1.729e+05 2.020e+05) (ext = 2.891e+04)
Runtime: CPU: 0:00:00.2 REAL: 0:00:00.0 MEM: 2192.0MB
*** Finished refinePlace (0:04:49 mem=2192.0M) ***
*** maximum move = 13.44 um ***
*** Finished re-routing un-routed nets (2189.0M) ***

*** Finish Physical Update (cpu=0:00:00.4 real=0:00:00.0 mem=2189.0M) ***
*** AreaOpt #3 [finish] (place_opt_design #1) : cpu/real = 0:00:01.3/0:00:01.3 (1.0), totSession cpu/real = 0:04:48.8/0:14:44.7 (0.3), mem = 2189.0M
End: Area Reclaim Optimization (cpu=0:00:01, real=0:00:01, mem=2108.88M, totSessionCpu=0:04:49).
Begin: GigaOpt postEco DRV Optimization
*** DrvOpt #3 [begin] (place_opt_design #1) : totSession cpu/real = 0:04:48.9/0:14:44.8 (0.3), mem = 2108.9M
Info: 36 io nets excluded
Info: 3 clock nets excluded from IPO operation.
+-------------------------------------------------------------------------------------------------------------------------------------------------------+
|        max-tran       |        max-cap        |  max-fanout |  max-length |       setup       |        |        |        |       |          |         |
+-------------------------------------------------------------------------------------------------------------------------------------------------------+
| nets | terms|  wViol  | nets | terms|  wViol  | nets | terms| nets | terms|   WNS   |   TNS   |  #Buf  |  #Inv  | #Resize|Density|   Real   |   Mem   |
+-------------------------------------------------------------------------------------------------------------------------------------------------------+
|     5|     5|    -0.06|     0|     0|     0.00|     0|     0|     0|     0|     4.95|     0.00|       0|       0|       0| 24.04%|          |         |
|     0|     0|     0.00|     0|     0|     0.00|     0|     0|     0|     0|     4.95|     0.00|      10|       0|       5| 24.04%| 0:00:00.0|  2230.4M|
|     0|     0|     0.00|     0|     0|     0.00|     0|     0|     0|     0|     4.95|     0.00|       0|       0|       0| 24.04%| 0:00:00.0|  2230.4M|
+-------------------------------------------------------------------------------------------------------------------------------------------------------+
Bottom Preferred Layer:
    None
Via Pillar Rule:
    None

*** Finish DRV Fixing (cpu=0:00:00.7 real=0:00:00.0 mem=2230.4M) ***

*** DrvOpt #3 [finish] (place_opt_design #1) : cpu/real = 0:00:01.2/0:00:01.2 (1.0), totSession cpu/real = 0:04:50.1/0:14:46.0 (0.3), mem = 2112.3M
End: GigaOpt postEco DRV Optimization
Running refinePlace -preserveRouting true -hardFence false
*** Starting refinePlace (0:04:50 mem=2112.3M) ***

Starting Small incrNP...
Skipped incrNP (cpu=0:00:00.0, real=0:00:00.0, mem=2112.3M)
End of Small incrNP (cpu=0:00:00.0, real=0:00:00.0)
Move report: Detail placement moves 10 insts, mean move: 7.56 um, max move: 21.28 um 
	Max move on inst (u_fft_1/csa_tree_multiply_101_2_sub_34_28_groupi_cdnfadd_015_1): (1269.76, 940.48) --> (1248.48, 940.48)
	Runtime: CPU: 0:00:00.2 REAL: 0:00:01.0 MEM: 2115.4MB
Summary Report:
Instances move: 10 (out of 9176 movable)
Instances flipped: 0
Mean displacement: 7.56 um
Max displacement: 21.28 um (Instance: u_fft_1/csa_tree_multiply_101_2_sub_34_28_groupi_cdnfadd_015_1) (1269.76, 940.48) -> (1248.48, 940.48)
	Length: 19 sites, height: 1 rows, site name: CoreSite, cell type: ad01d1
Runtime: CPU: 0:00:00.2 REAL: 0:00:01.0 MEM: 2115.4MB
*** Finished refinePlace (0:04:50 mem=2115.4M) ***
Register exp ratio and priority group on 0 nets on 11503 nets : 

Active setup views:
 worst_case
  Dominating endpoints: 0
  Dominating TNS: -0.000

Extraction called for design 'fft_8_top' of instances=9541 and nets=11528 using extraction engine 'preRoute' .
**WARN: (IMPEXT-3530):	The process node is not set. Use the command setDesignMode -process <process node> prior to extraction for maximum accuracy and optimal automatic threshold setting.
Type 'man IMPEXT-3530' for more detail.
PreRoute RC Extraction called for design fft_8_top.
RC Extraction called in multi-corner(2) mode.
RCMode: PreRoute
      RC Corner Indexes            0       1   
Capacitance Scaling Factor   : 1.00000 1.00000 
Resistance Scaling Factor    : 1.00000 1.00000 
Clock Cap. Scaling Factor    : 1.00000 1.00000 
Clock Res. Scaling Factor    : 1.00000 1.00000 
Shrink Factor                : 1.00000
PreRoute extraction is honoring NDR/Shielding/ExtraSpace for clock nets.
Using capacitance table file ...
Skipped RC grid update for preRoute extraction.
Initializing multi-corner capacitance tables ... 
Initializing multi-corner resistance tables ...
PreRoute RC Extraction DONE (CPU Time: 0:00:00.2  Real Time: 0:00:00.0  MEM: 2094.992M)
Skewing Data Summary (End_of_FINAL)
--------------------------------------------------
 Total skewed count:0
--------------------------------------------------
Starting delay calculation for Setup views
AAE_INFO: opIsDesignInPostRouteState() is 0
#################################################################################
# Design Stage: PreRoute
# Design Name: fft_8_top
# Design Mode: 90nm
# Analysis Mode: MMMC Non-OCV 
# Parasitics Mode: No SPEF/RCDB 
# Signoff Settings: SI Off 
#################################################################################
Calculate delays in BcWc mode...
Start delay calculation (fullDC) (1 T). (MEM=2104.29)
Total number of fetched objects 11503
End delay calculation. (MEM=2117.98 CPU=0:00:01.9 REAL=0:00:02.0)
End delay calculation (fullDC). (MEM=2117.98 CPU=0:00:02.2 REAL=0:00:02.0)
*** Done Building Timing Graph (cpu=0:00:02.8 real=0:00:03.0 totSessionCpu=0:04:54 mem=2118.0M)
[NR-eGR] Track table information for default rule: 
[NR-eGR] M1 has single uniform track structure
[NR-eGR] M2 has single uniform track structure
[NR-eGR] M3 has single uniform track structure
[NR-eGR] M4 has single uniform track structure
[NR-eGR] M5 has single uniform track structure
[NR-eGR] TOP_M has single uniform track structure
[NR-eGR] Read 3967 PG shapes
[NR-eGR] Read 0 clock shapes
[NR-eGR] Read 0 other shapes
[NR-eGR] #Routing Blockages  : 0
[NR-eGR] #Instance Blockages : 6718
[NR-eGR] #PG Blockages       : 3967
[NR-eGR] #Halo Blockages     : 0
[NR-eGR] #Boundary Blockages : 0
[NR-eGR] #Clock Blockages    : 0
[NR-eGR] #Other Blockages    : 0
[NR-eGR] Num Prerouted Nets = 0  Num Prerouted Wires = 0
[NR-eGR] Read 11501 nets ( ignored 0 )
[NR-eGR] There are 2 clock nets ( 0 with NDR ).
[NR-eGR] ============ Routing rule table ============
[NR-eGR] Rule id: 0  Nets: 11465
[NR-eGR] ========================================
[NR-eGR] 
[NR-eGR] Layer group 1: route 11465 net(s) in layer range [2, 6]
[NR-eGR] Early Global Route overflow of layer group 1: 0.01% H + 0.01% V. EstWL: 4.317376e+05um
[NR-eGR] Congestion Analysis By layer: (blocked Gcells are excluded) 
[NR-eGR]                        OverCon            
[NR-eGR]                         #Gcell     %Gcell
[NR-eGR]        Layer               (1)    OverCon
[NR-eGR] ----------------------------------------------
[NR-eGR]      M1 ( 1)         0( 0.00%)   ( 0.00%) 
[NR-eGR]      M2 ( 2)         0( 0.00%)   ( 0.00%) 
[NR-eGR]      M3 ( 3)         0( 0.00%)   ( 0.00%) 
[NR-eGR]      M4 ( 4)         1( 0.00%)   ( 0.00%) 
[NR-eGR]      M5 ( 5)         0( 0.00%)   ( 0.00%) 
[NR-eGR]   TOP_M ( 6)         0( 0.00%)   ( 0.00%) 
[NR-eGR] ----------------------------------------------
[NR-eGR]        Total         1( 0.00%)   ( 0.00%) 
[NR-eGR] 
[NR-eGR] Overflow after Early Global Route 0.00% H + 0.00% V
[NR-eGR] Finished Early Global Route kernel ( CPU: 0.24 sec, Real: 0.24 sec, Curr Mem: 2125.98 MB )
[hotspot] +------------+---------------+---------------+
[hotspot] |            |   max hotspot | total hotspot |
[hotspot] +------------+---------------+---------------+
[hotspot] | normalized |          0.00 |          0.00 |
[hotspot] +------------+---------------+---------------+
Local HotSpot Analysis: normalized max congestion hotspot area = 0.00, normalized total congestion hotspot area = 0.00 (area is in unit of 4 std-cell row bins)
[hotspot] Hotspot report including placement blocked areas
[hotspot] +------------+---------------+---------------+
[hotspot] |            |   max hotspot | total hotspot |
[hotspot] +------------+---------------+---------------+
[hotspot] | normalized |          0.00 |          0.00 |
[hotspot] +------------+---------------+---------------+
Local HotSpot Analysis (blockage included): normalized max congestion hotspot area = 0.00, normalized total congestion hotspot area = 0.00 (area is in unit of 4 std-cell row bins)
Reported timing to dir ./timingReports
**optDesign ... cpu = 0:01:54, real = 0:01:54, mem = 1878.7M, totSessionCpu=0:04:54 **

------------------------------------------------------------------
     optDesign Final Summary
------------------------------------------------------------------

Setup views included:
 worst_case 

+--------------------+---------+---------+---------+
|     Setup mode     |   all   | reg2reg | default |
+--------------------+---------+---------+---------+
|           WNS (ns):|  4.953  |  8.434  |  4.953  |
|           TNS (ns):|  0.000  |  0.000  |  0.000  |
|    Violating Paths:|    0    |    0    |    0    |
|          All Paths:|  1644   |  1644   |   512   |
+--------------------+---------+---------+---------+

+----------------+-------------------------------+------------------+
|                |              Real             |       Total      |
|    DRVs        +------------------+------------+------------------|
|                |  Nr nets(terms)  | Worst Vio  |  Nr nets(terms)  |
+----------------+------------------+------------+------------------+
|   max_cap      |      0 (0)       |   0.000    |      0 (0)       |
|   max_tran     |      0 (0)       |   0.000    |      0 (0)       |
|   max_fanout   |      0 (0)       |     0      |      0 (0)       |
|   max_length   |      0 (0)       |     0      |      0 (0)       |
+----------------+------------------+------------+------------------+

Density: 24.043%
Routing Overflow: 0.00% H and 0.00% V
------------------------------------------------------------------
**optDesign ... cpu = 0:01:55, real = 0:01:56, mem = 1879.8M, totSessionCpu=0:04:55 **
*** Finished optDesign ***
Disable CTE adjustment.
**place_opt_design ... cpu = 0:01:55, real = 0:01:56, mem = 2040.4M **
*** Finished GigaPlace ***

*** Summary of all messages that are not suppressed in this session:
Severity  ID               Count  Summary                                  
WARNING   IMPEXT-3530          3  The process node is not set. Use the com...
WARNING   IMPSP-9025           1  No scan chain specified/traced.          
*** Message Summary: 4 warning(s), 0 error(s)

*** place_opt_design #1 [finish] : cpu/real = 0:01:55.2/0:01:56.6 (1.0), totSession cpu/real = 0:04:54.8/0:14:52.0 (0.3), mem = 2040.4M
<CMD> saveDesign fft_8_top_Placement.enc
#% Begin save design ... (date=04/16 19:55:48, mem=1812.3M)
% Begin Save ccopt configuration ... (date=04/16 19:55:48, mem=1812.3M)
% End Save ccopt configuration ... (date=04/16 19:55:48, total cpu=0:00:00.0, real=0:00:00.0, peak res=1813.0M, current mem=1813.0M)
% Begin Save netlist data ... (date=04/16 19:55:48, mem=1813.0M)
Writing Binary DB to fft_8_top_Placement.enc.dat/fft_8_top.v.bin in single-threaded mode...
% End Save netlist data ... (date=04/16 19:55:48, total cpu=0:00:00.0, real=0:00:00.0, peak res=1813.9M, current mem=1813.9M)
Saving symbol-table file ...
Saving congestion map file fft_8_top_Placement.enc.dat/fft_8_top.route.congmap.gz ...
% Begin Save AAE data ... (date=04/16 19:55:48, mem=1813.9M)
Saving AAE Data ...
% End Save AAE data ... (date=04/16 19:55:48, total cpu=0:00:00.0, real=0:00:00.0, peak res=1813.9M, current mem=1813.9M)
Saving preference file fft_8_top_Placement.enc.dat/gui.pref.tcl ...
Saving mode setting ...
Saving global file ...
% Begin Save floorplan data ... (date=04/16 19:55:48, mem=1814.9M)
Saving floorplan file ...
Convert 0 swires and 0 svias from compressed groups
% End Save floorplan data ... (date=04/16 19:55:49, total cpu=0:00:00.0, real=0:00:01.0, peak res=1815.5M, current mem=1815.5M)
Saving PG file fft_8_top_Placement.enc.dat/fft_8_top.pg.gz, version#2, (Created by Innovus v21.15-s110_1 on Thu Apr 16 19:55:49 2026)
*** Completed savePGFile (cpu=0:00:00.0 real=0:00:00.0 mem=2042.2M) ***
Saving Drc markers ...
... No Drc file written since there is no markers found.
% Begin Save placement data ... (date=04/16 19:55:49, mem=1815.7M)
** Saving stdCellPlacement_binary (version# 2) ...
Save Adaptive View Pruning View Names to Binary file
% End Save placement data ... (date=04/16 19:55:49, total cpu=0:00:00.0, real=0:00:00.0, peak res=1816.1M, current mem=1816.1M)
% Begin Save routing data ... (date=04/16 19:55:49, mem=1816.1M)
Saving route file ...
*** Completed saveRoute (cpu=0:00:00.1 real=0:00:00.0 mem=2042.2M) ***
% End Save routing data ... (date=04/16 19:55:49, total cpu=0:00:00.1, real=0:00:00.0, peak res=1816.2M, current mem=1816.2M)
Saving property file fft_8_top_Placement.enc.dat/fft_8_top.prop
*** Completed saveProperty (cpu=0:00:00.0 real=0:00:00.0 mem=2045.2M) ***
Saving rc congestion map fft_8_top_Placement.enc.dat/fft_8_top.congmap.gz ...
% Begin Save power constraints data ... (date=04/16 19:55:49, mem=1817.0M)
% End Save power constraints data ... (date=04/16 19:55:49, total cpu=0:00:00.0, real=0:00:00.0, peak res=1817.0M, current mem=1817.0M)
rc_best rc_worst
Generated self-contained design fft_8_top_Placement.enc.dat
#% End save design ... (date=04/16 19:55:50, total cpu=0:00:00.7, real=0:00:02.0, peak res=1819.9M, current mem=1819.9M)
*** Message Summary: 0 warning(s), 0 error(s)


--------------------------------------------------------------------------------
Exiting Innovus on Thu Apr 16 19:56:33 2026
  Total CPU time:     0:05:33
  Total real time:    0:18:22
  Peak memory (main): 1915.78MB


*** Memory Usage v#1 (Current mem = 2091.699M, initial mem = 483.883M) ***
*** Message Summary: 1503 warning(s), 0 error(s)

--- Ending "Innovus" (totcpu=0:05:26, real=0:18:21, mem=2091.7M) ---
